{"/home/travis/build/npmtest/node-npmtest-simplecrawler/test.js":{"path":"/home/travis/build/npmtest/node-npmtest-simplecrawler/test.js","s":{"1":2,"2":2,"3":2,"4":2,"5":2,"6":2,"7":2,"8":1,"9":2,"10":2,"11":1,"12":1,"13":1,"14":1,"15":2,"16":2,"17":2,"18":2,"19":1,"20":1,"21":2,"22":2,"23":2,"24":1,"25":1,"26":1,"27":1,"28":1,"29":1,"30":1,"31":1,"32":1,"33":1,"34":1,"35":1,"36":1,"37":1,"38":1,"39":2,"40":2,"41":1,"42":2,"43":2,"44":1,"45":2,"46":2,"47":1,"48":2,"49":2,"50":1,"51":1,"52":1,"53":1,"54":1},"b":{"1":[2,1,1,1],"2":[1,1,1,1],"3":[1,1],"4":[1,1],"5":[1,1],"6":[1,1],"7":[1,1],"8":[1,1],"9":[1,1],"10":[1,1,1],"11":[1,1],"12":[1,1],"13":[1,1],"14":[1,1],"15":[1,1],"16":[1,1],"17":[1,1]},"f":{"1":2,"2":2,"3":2,"4":2,"5":2,"6":1,"7":1,"8":1,"9":2,"10":2,"11":2,"12":2,"13":1},"fnMap":{"1":{"name":"(anonymous_1)","line":12,"loc":{"start":{"line":12,"column":1},"end":{"line":12,"column":13}}},"2":{"name":"(anonymous_2)","line":19,"loc":{"start":{"line":19,"column":5},"end":{"line":19,"column":17}}},"3":{"name":"(anonymous_3)","line":23,"loc":{"start":{"line":23,"column":24},"end":{"line":23,"column":36}}},"4":{"name":"(anonymous_4)","line":61,"loc":{"start":{"line":61,"column":5},"end":{"line":61,"column":17}}},"5":{"name":"(anonymous_5)","line":82,"loc":{"start":{"line":82,"column":5},"end":{"line":82,"column":17}}},"6":{"name":"(anonymous_6)","line":91,"loc":{"start":{"line":91,"column":77},"end":{"line":94,"column":10}}},"7":{"name":"(anonymous_7)","line":112,"loc":{"start":{"line":112,"column":83},"end":{"line":115,"column":10}},"skip":true},"8":{"name":"(anonymous_8)","line":123,"loc":{"start":{"line":123,"column":77},"end":{"line":126,"column":10}},"skip":true},"9":{"name":"(anonymous_9)","line":139,"loc":{"start":{"line":139,"column":12},"end":{"line":139,"column":40}},"skip":true},"10":{"name":"(anonymous_10)","line":147,"loc":{"start":{"line":147,"column":77},"end":{"line":150,"column":10}},"skip":true},"11":{"name":"(anonymous_11)","line":158,"loc":{"start":{"line":158,"column":83},"end":{"line":161,"column":10}},"skip":true},"12":{"name":"(anonymous_12)","line":169,"loc":{"start":{"line":169,"column":79},"end":{"line":172,"column":10}},"skip":true},"13":{"name":"(anonymous_13)","line":180,"loc":{"start":{"line":180,"column":75},"end":{"line":183,"column":10}},"skip":true}},"statementMap":{"1":{"start":{"line":12,"column":0},"end":{"line":195,"column":5}},"2":{"start":{"line":14,"column":4},"end":{"line":14,"column":14}},"3":{"start":{"line":19,"column":4},"end":{"line":56,"column":9}},"4":{"start":{"line":21,"column":8},"end":{"line":21,"column":19}},"5":{"start":{"line":23,"column":8},"end":{"line":35,"column":13}},"6":{"start":{"line":24,"column":12},"end":{"line":34,"column":13}},"7":{"start":{"line":25,"column":16},"end":{"line":28,"column":30}},"8":{"start":{"line":30,"column":16},"end":{"line":33,"column":27}},"9":{"start":{"line":37,"column":8},"end":{"line":39,"column":21}},"10":{"start":{"line":40,"column":8},"end":{"line":53,"column":9}},"11":{"start":{"line":43,"column":12},"end":{"line":46,"column":14}},"12":{"start":{"line":47,"column":12},"end":{"line":47,"column":18}},"13":{"start":{"line":50,"column":12},"end":{"line":51,"column":33}},"14":{"start":{"line":52,"column":12},"end":{"line":52,"column":18}},"15":{"start":{"line":55,"column":8},"end":{"line":55,"column":35}},"16":{"start":{"line":61,"column":4},"end":{"line":63,"column":9}},"17":{"start":{"line":62,"column":8},"end":{"line":62,"column":15}},"18":{"start":{"line":64,"column":4},"end":{"line":77,"column":5}},"19":{"start":{"line":70,"column":8},"end":{"line":70,"column":14}},"20":{"start":{"line":76,"column":8},"end":{"line":76,"column":14}},"21":{"start":{"line":82,"column":4},"end":{"line":84,"column":9}},"22":{"start":{"line":83,"column":8},"end":{"line":83,"column":15}},"23":{"start":{"line":85,"column":4},"end":{"line":194,"column":5}},"24":{"start":{"line":91,"column":8},"end":{"line":99,"column":10}},"25":{"start":{"line":98,"column":12},"end":{"line":98,"column":35}},"26":{"start":{"line":102,"column":8},"end":{"line":104,"column":63}},"27":{"start":{"line":105,"column":8},"end":{"line":105,"column":14}},"28":{"start":{"line":112,"column":8},"end":{"line":121,"column":10},"skip":true},"29":{"start":{"line":119,"column":12},"end":{"line":119,"column":55},"skip":true},"30":{"start":{"line":120,"column":12},"end":{"line":120,"column":48},"skip":true},"31":{"start":{"line":123,"column":8},"end":{"line":136,"column":10},"skip":true},"32":{"start":{"line":130,"column":12},"end":{"line":130,"column":76},"skip":true},"33":{"start":{"line":131,"column":12},"end":{"line":131,"column":73},"skip":true},"34":{"start":{"line":132,"column":12},"end":{"line":132,"column":74},"skip":true},"35":{"start":{"line":133,"column":12},"end":{"line":133,"column":79},"skip":true},"36":{"start":{"line":134,"column":12},"end":{"line":134,"column":25},"skip":true},"37":{"start":{"line":135,"column":12},"end":{"line":135,"column":45},"skip":true},"38":{"start":{"line":138,"column":8},"end":{"line":145,"column":14},"skip":true},"39":{"start":{"line":143,"column":16},"end":{"line":143,"column":29},"skip":true},"40":{"start":{"line":144,"column":16},"end":{"line":144,"column":55},"skip":true},"41":{"start":{"line":147,"column":8},"end":{"line":156,"column":10},"skip":true},"42":{"start":{"line":154,"column":12},"end":{"line":154,"column":25},"skip":true},"43":{"start":{"line":155,"column":12},"end":{"line":155,"column":45},"skip":true},"44":{"start":{"line":158,"column":8},"end":{"line":167,"column":10},"skip":true},"45":{"start":{"line":165,"column":12},"end":{"line":165,"column":25},"skip":true},"46":{"start":{"line":166,"column":12},"end":{"line":166,"column":48},"skip":true},"47":{"start":{"line":169,"column":8},"end":{"line":178,"column":10},"skip":true},"48":{"start":{"line":176,"column":12},"end":{"line":176,"column":25},"skip":true},"49":{"start":{"line":177,"column":12},"end":{"line":177,"column":46},"skip":true},"50":{"start":{"line":180,"column":8},"end":{"line":189,"column":10},"skip":true},"51":{"start":{"line":187,"column":12},"end":{"line":187,"column":94},"skip":true},"52":{"start":{"line":188,"column":12},"end":{"line":188,"column":48},"skip":true},"53":{"start":{"line":192,"column":8},"end":{"line":192,"column":35},"skip":true},"54":{"start":{"line":193,"column":8},"end":{"line":193,"column":14},"skip":true}},"branchMap":{"1":{"line":25,"type":"binary-expr","locations":[{"start":{"line":25,"column":23},"end":{"line":25,"column":62}},{"start":{"line":26,"column":20},"end":{"line":26,"column":70}},{"start":{"line":27,"column":20},"end":{"line":27,"column":71}},{"start":{"line":28,"column":20},"end":{"line":28,"column":29}}]},"2":{"line":30,"type":"binary-expr","locations":[{"start":{"line":30,"column":23},"end":{"line":30,"column":37}},{"start":{"line":31,"column":20},"end":{"line":31,"column":61}},{"start":{"line":32,"column":20},"end":{"line":32,"column":70}},{"start":{"line":33,"column":20},"end":{"line":33,"column":26}}]},"3":{"line":37,"type":"cond-expr","locations":[{"start":{"line":38,"column":14},"end":{"line":38,"column":20}},{"start":{"line":39,"column":14},"end":{"line":39,"column":20}}]},"4":{"line":40,"type":"switch","locations":[{"start":{"line":42,"column":8},"end":{"line":47,"column":18}},{"start":{"line":49,"column":8},"end":{"line":52,"column":18}}]},"5":{"line":44,"type":"binary-expr","locations":[{"start":{"line":44,"column":16},"end":{"line":44,"column":44}},{"start":{"line":44,"column":48},"end":{"line":44,"column":66}}]},"6":{"line":50,"type":"binary-expr","locations":[{"start":{"line":50,"column":21},"end":{"line":50,"column":49}},{"start":{"line":50,"column":53},"end":{"line":50,"column":72}}]},"7":{"line":64,"type":"switch","locations":[{"start":{"line":69,"column":4},"end":{"line":70,"column":14}},{"start":{"line":75,"column":4},"end":{"line":76,"column":14}}]},"8":{"line":85,"type":"switch","locations":[{"start":{"line":90,"column":4},"end":{"line":105,"column":14}},{"start":{"line":111,"column":4},"end":{"line":193,"column":14},"skip":true}]},"9":{"line":91,"type":"binary-expr","locations":[{"start":{"line":91,"column":42},"end":{"line":91,"column":73}},{"start":{"line":91,"column":77},"end":{"line":99,"column":9}}]},"10":{"line":102,"type":"binary-expr","locations":[{"start":{"line":102,"column":18},"end":{"line":102,"column":32}},{"start":{"line":103,"column":12},"end":{"line":103,"column":53}},{"start":{"line":104,"column":12},"end":{"line":104,"column":61}}]},"11":{"line":112,"type":"binary-expr","locations":[{"start":{"line":112,"column":45},"end":{"line":112,"column":79},"skip":true},{"start":{"line":112,"column":83},"end":{"line":121,"column":9},"skip":true}]},"12":{"line":123,"type":"binary-expr","locations":[{"start":{"line":123,"column":42},"end":{"line":123,"column":73},"skip":true},{"start":{"line":123,"column":77},"end":{"line":136,"column":9},"skip":true}]},"13":{"line":138,"type":"binary-expr","locations":[{"start":{"line":138,"column":48},"end":{"line":138,"column":85},"skip":true},{"start":{"line":139,"column":12},"end":{"line":145,"column":13},"skip":true}]},"14":{"line":147,"type":"binary-expr","locations":[{"start":{"line":147,"column":42},"end":{"line":147,"column":73},"skip":true},{"start":{"line":147,"column":77},"end":{"line":156,"column":9},"skip":true}]},"15":{"line":158,"type":"binary-expr","locations":[{"start":{"line":158,"column":45},"end":{"line":158,"column":79},"skip":true},{"start":{"line":158,"column":83},"end":{"line":167,"column":9},"skip":true}]},"16":{"line":169,"type":"binary-expr","locations":[{"start":{"line":169,"column":43},"end":{"line":169,"column":75},"skip":true},{"start":{"line":169,"column":79},"end":{"line":178,"column":9},"skip":true}]},"17":{"line":180,"type":"binary-expr","locations":[{"start":{"line":180,"column":41},"end":{"line":180,"column":71},"skip":true},{"start":{"line":180,"column":75},"end":{"line":189,"column":9},"skip":true}]}},"code":["/* istanbul instrument in package npmtest_simplecrawler */","/*jslint","    bitwise: true,","    browser: true,","    maxerr: 8,","    maxlen: 96,","    node: true,","    nomen: true,","    regexp: true,","    stupid: true","*/","(function () {","    'use strict';","    var local;","","","","    // run shared js-env code - init-before","    (function () {","        // init local","        local = {};","        // init modeJs","        local.modeJs = (function () {","            try {","                return typeof navigator.userAgent === 'string' &&","                    typeof document.querySelector('body') === 'object' &&","                    typeof XMLHttpRequest.prototype.open === 'function' &&","                    'browser';","            } catch (errorCaughtBrowser) {","                return module.exports &&","                    typeof process.versions.node === 'string' &&","                    typeof require('http').createServer === 'function' &&","                    'node';","            }","        }());","        // init global","        local.global = local.modeJs === 'browser'","            ? window","            : global;","        switch (local.modeJs) {","        // re-init local from window.local","        case 'browser':","            local = local.global.utility2.objectSetDefault(","                local.global.utility2_rollup || local.global.local,","                local.global.utility2","            );","            break;","        // re-init local from example.js","        case 'node':","            local = (local.global.utility2_rollup || require('utility2'))","                .requireReadme();","            break;","        }","        // export local","        local.global.local = local;","    }());","","","","    // run shared js-env code - function","    (function () {","        return;","    }());","    switch (local.modeJs) {","","","","    // run browser js-env code - function","    case 'browser':","        break;","","","","    // run node js-env code - function","    case 'node':","        break;","    }","","","","    // run shared js-env code - init-after","    (function () {","        return;","    }());","    switch (local.modeJs) {","","","","    // run browser js-env code - init-after","    case 'browser':","        local.testCase_browser_nullCase = local.testCase_browser_nullCase || function (","            options,","            onError","        ) {","        /*","         * this function will test browsers's null-case handling-behavior-behavior","         */","            onError(null, options);","        };","","        // run tests","        local.nop(local.modeTest &&","            document.querySelector('#testRunButton1') &&","            document.querySelector('#testRunButton1').click());","        break;","","","","    // run node js-env code - init-after","    /* istanbul ignore next */","    case 'node':","        local.testCase_buildApidoc_default = local.testCase_buildApidoc_default || function (","            options,","            onError","        ) {","        /*","         * this function will test buildApidoc's default handling-behavior-behavior","         */","            options = { modulePathList: module.paths };","            local.buildApidoc(options, onError);","        };","","        local.testCase_buildApp_default = local.testCase_buildApp_default || function (","            options,","            onError","        ) {","        /*","         * this function will test buildApp's default handling-behavior-behavior","         */","            local.testCase_buildReadme_default(options, local.onErrorThrow);","            local.testCase_buildLib_default(options, local.onErrorThrow);","            local.testCase_buildTest_default(options, local.onErrorThrow);","            local.testCase_buildCustomOrg_default(options, local.onErrorThrow);","            options = [];","            local.buildApp(options, onError);","        };","","        local.testCase_buildCustomOrg_default = local.testCase_buildCustomOrg_default ||","            function (options, onError) {","            /*","             * this function will test buildCustomOrg's default handling-behavior","             */","                options = {};","                local.buildCustomOrg(options, onError);","            };","","        local.testCase_buildLib_default = local.testCase_buildLib_default || function (","            options,","            onError","        ) {","        /*","         * this function will test buildLib's default handling-behavior","         */","            options = {};","            local.buildLib(options, onError);","        };","","        local.testCase_buildReadme_default = local.testCase_buildReadme_default || function (","            options,","            onError","        ) {","        /*","         * this function will test buildReadme's default handling-behavior-behavior","         */","            options = {};","            local.buildReadme(options, onError);","        };","","        local.testCase_buildTest_default = local.testCase_buildTest_default || function (","            options,","            onError","        ) {","        /*","         * this function will test buildTest's default handling-behavior","         */","            options = {};","            local.buildTest(options, onError);","        };","","        local.testCase_webpage_default = local.testCase_webpage_default || function (","            options,","            onError","        ) {","        /*","         * this function will test webpage's default handling-behavior","         */","            options = { modeCoverageMerge: true, url: local.serverLocalHost + '?modeTest=1' };","            local.browserTest(options, onError);","        };","","        // run test-server","        local.testRunServer(local);","        break;","    }","}());",""],"l":{"12":2,"14":2,"19":2,"21":2,"23":2,"24":2,"25":2,"30":1,"37":2,"40":2,"43":1,"47":1,"50":1,"52":1,"55":2,"61":2,"62":2,"64":2,"70":1,"76":1,"82":2,"83":2,"85":2,"91":1,"98":1,"102":1,"105":1,"112":1,"119":1,"120":1,"123":1,"130":1,"131":1,"132":1,"133":1,"134":1,"135":1,"138":1,"143":2,"144":2,"147":1,"154":2,"155":2,"158":1,"165":2,"166":2,"169":1,"176":2,"177":2,"180":1,"187":1,"188":1,"192":1,"193":1}},"/home/travis/build/npmtest/node-npmtest-simplecrawler/lib.npmtest_simplecrawler.js":{"path":"/home/travis/build/npmtest/node-npmtest-simplecrawler/lib.npmtest_simplecrawler.js","s":{"1":2,"2":2,"3":2,"4":2,"5":2,"6":2,"7":2,"8":1,"9":2,"10":2,"11":2,"12":2,"13":1,"14":1,"15":1,"16":1},"b":{"1":[2,1,1,1],"2":[1,1,1,1],"3":[1,1],"4":[2,2],"5":[1,1]},"f":{"1":2,"2":2,"3":2},"fnMap":{"1":{"name":"(anonymous_1)","line":12,"loc":{"start":{"line":12,"column":1},"end":{"line":12,"column":13}}},"2":{"name":"(anonymous_2)","line":19,"loc":{"start":{"line":19,"column":5},"end":{"line":19,"column":17}}},"3":{"name":"(anonymous_3)","line":23,"loc":{"start":{"line":23,"column":24},"end":{"line":23,"column":36}}}},"statementMap":{"1":{"start":{"line":12,"column":0},"end":{"line":53,"column":5}},"2":{"start":{"line":14,"column":4},"end":{"line":14,"column":14}},"3":{"start":{"line":19,"column":4},"end":{"line":52,"column":9}},"4":{"start":{"line":21,"column":8},"end":{"line":21,"column":19}},"5":{"start":{"line":23,"column":8},"end":{"line":35,"column":13}},"6":{"start":{"line":24,"column":12},"end":{"line":34,"column":13}},"7":{"start":{"line":25,"column":16},"end":{"line":28,"column":30}},"8":{"start":{"line":30,"column":16},"end":{"line":33,"column":27}},"9":{"start":{"line":37,"column":8},"end":{"line":39,"column":21}},"10":{"start":{"line":41,"column":8},"end":{"line":41,"column":54}},"11":{"start":{"line":43,"column":8},"end":{"line":43,"column":58}},"12":{"start":{"line":45,"column":8},"end":{"line":51,"column":9}},"13":{"start":{"line":46,"column":12},"end":{"line":46,"column":64}},"14":{"start":{"line":48,"column":12},"end":{"line":48,"column":35}},"15":{"start":{"line":49,"column":12},"end":{"line":49,"column":49}},"16":{"start":{"line":50,"column":12},"end":{"line":50,"column":43}}},"branchMap":{"1":{"line":25,"type":"binary-expr","locations":[{"start":{"line":25,"column":23},"end":{"line":25,"column":62}},{"start":{"line":26,"column":20},"end":{"line":26,"column":70}},{"start":{"line":27,"column":20},"end":{"line":27,"column":71}},{"start":{"line":28,"column":20},"end":{"line":28,"column":29}}]},"2":{"line":30,"type":"binary-expr","locations":[{"start":{"line":30,"column":23},"end":{"line":30,"column":37}},{"start":{"line":31,"column":20},"end":{"line":31,"column":61}},{"start":{"line":32,"column":20},"end":{"line":32,"column":70}},{"start":{"line":33,"column":20},"end":{"line":33,"column":26}}]},"3":{"line":37,"type":"cond-expr","locations":[{"start":{"line":38,"column":14},"end":{"line":38,"column":20}},{"start":{"line":39,"column":14},"end":{"line":39,"column":20}}]},"4":{"line":41,"type":"binary-expr","locations":[{"start":{"line":41,"column":16},"end":{"line":41,"column":44}},{"start":{"line":41,"column":48},"end":{"line":41,"column":53}}]},"5":{"line":45,"type":"if","locations":[{"start":{"line":45,"column":8},"end":{"line":45,"column":8}},{"start":{"line":45,"column":8},"end":{"line":45,"column":8}}]}},"code":["/* istanbul instrument in package npmtest_simplecrawler */","/*jslint","    bitwise: true,","    browser: true,","    maxerr: 8,","    maxlen: 96,","    node: true,","    nomen: true,","    regexp: true,","    stupid: true","*/","(function () {","    'use strict';","    var local;","","","","    // run shared js-env code - init-before","    (function () {","        // init local","        local = {};","        // init modeJs","        local.modeJs = (function () {","            try {","                return typeof navigator.userAgent === 'string' &&","                    typeof document.querySelector('body') === 'object' &&","                    typeof XMLHttpRequest.prototype.open === 'function' &&","                    'browser';","            } catch (errorCaughtBrowser) {","                return module.exports &&","                    typeof process.versions.node === 'string' &&","                    typeof require('http').createServer === 'function' &&","                    'node';","            }","        }());","        // init global","        local.global = local.modeJs === 'browser'","            ? window","            : global;","        // init utility2_rollup","        local = local.global.utility2_rollup || local;","        // init lib","        local.local = local.npmtest_simplecrawler = local;","        // init exports","        if (local.modeJs === 'browser') {","            local.global.utility2_npmtest_simplecrawler = local;","        } else {","            module.exports = local;","            module.exports.__dirname = __dirname;","            module.exports.module = module;","        }","    }());","}());",""],"l":{"12":2,"14":2,"19":2,"21":2,"23":2,"24":2,"25":2,"30":1,"37":2,"41":2,"43":2,"45":2,"46":1,"48":1,"49":1,"50":1}},"/home/travis/build/npmtest/node-npmtest-simplecrawler/example.js":{"path":"/home/travis/build/npmtest/node-npmtest-simplecrawler/example.js","s":{"1":2,"2":2,"3":2,"4":2,"5":2,"6":2,"7":2,"8":1,"9":2,"10":2,"11":2,"12":2,"13":1,"14":2,"15":2,"16":2,"17":2,"18":2,"19":0,"20":2,"21":1,"22":1,"23":1,"24":1,"25":1,"26":0,"27":0,"28":1,"29":1,"30":2,"31":0,"32":0,"33":0,"34":1,"35":2,"36":2,"37":3,"38":3,"39":3,"40":3,"41":0,"42":3,"43":3,"44":3,"45":1,"46":3,"47":1,"48":1,"49":1,"50":1,"51":1,"52":1,"53":1,"54":1,"55":1,"56":1,"57":0,"58":1,"59":6,"60":6,"61":1,"62":2,"63":0,"64":2,"65":1,"66":1,"67":0,"68":0,"69":0,"70":0,"71":0,"72":0,"73":0,"74":0,"75":0,"76":0,"77":0,"78":0,"79":0,"80":0,"81":0,"82":0,"83":0},"b":{"1":[2,1,1,1],"2":[1,1,1,1],"3":[1,1],"4":[2,2],"5":[1,1],"6":[1,1],"7":[2,0],"8":[2,1,1,1,1,1],"9":[0,2,0],"10":[1,1],"11":[2,1,1],"12":[1,0],"13":[0,2],"14":[2,0,0,0,0,0,0],"15":[0,3],"16":[3,0],"17":[1,1],"18":[0,1],"19":[1,2,0,2],"20":[1,0],"21":[1,1],"22":[0,0],"23":[0,0],"24":[0,0],"25":[0,0],"26":[0,0],"27":[0,0],"28":[0,0]},"f":{"1":2,"2":2,"3":2,"4":2,"5":2,"6":2,"7":3,"8":3,"9":3,"10":1,"11":6,"12":0},"fnMap":{"1":{"name":"(anonymous_1)","line":26,"loc":{"start":{"line":26,"column":1},"end":{"line":26,"column":13}}},"2":{"name":"(anonymous_2)","line":33,"loc":{"start":{"line":33,"column":5},"end":{"line":33,"column":17}}},"3":{"name":"(anonymous_3)","line":37,"loc":{"start":{"line":37,"column":24},"end":{"line":37,"column":36}}},"4":{"name":"(anonymous_4)","line":69,"loc":{"start":{"line":69,"column":31},"end":{"line":69,"column":48}},"skip":true},"5":{"name":"(anonymous_5)","line":78,"loc":{"start":{"line":78,"column":26},"end":{"line":78,"column":45}},"skip":true},"6":{"name":"(anonymous_6)","line":123,"loc":{"start":{"line":123,"column":33},"end":{"line":123,"column":48}},"skip":true},"7":{"name":"(anonymous_7)","line":125,"loc":{"start":{"line":125,"column":27},"end":{"line":125,"column":39}},"skip":true},"8":{"name":"(anonymous_8)","line":133,"loc":{"start":{"line":133,"column":59},"end":{"line":133,"column":74}},"skip":true},"9":{"name":"(anonymous_9)","line":143,"loc":{"start":{"line":143,"column":45},"end":{"line":143,"column":62}},"skip":true},"10":{"name":"(anonymous_10)","line":144,"loc":{"start":{"line":144,"column":73},"end":{"line":144,"column":92}},"skip":true},"11":{"name":"(anonymous_11)","line":272,"loc":{"start":{"line":272,"column":51},"end":{"line":272,"column":77}},"skip":true},"12":{"name":"(anonymous_12)","line":315,"loc":{"start":{"line":315,"column":32},"end":{"line":315,"column":61}},"skip":true}},"statementMap":{"1":{"start":{"line":26,"column":0},"end":{"line":326,"column":5}},"2":{"start":{"line":28,"column":4},"end":{"line":28,"column":14}},"3":{"start":{"line":33,"column":4},"end":{"line":60,"column":9}},"4":{"start":{"line":35,"column":8},"end":{"line":35,"column":19}},"5":{"start":{"line":37,"column":8},"end":{"line":49,"column":13}},"6":{"start":{"line":38,"column":12},"end":{"line":48,"column":13}},"7":{"start":{"line":39,"column":16},"end":{"line":42,"column":30}},"8":{"start":{"line":44,"column":16},"end":{"line":47,"column":27}},"9":{"start":{"line":51,"column":8},"end":{"line":53,"column":21}},"10":{"start":{"line":55,"column":8},"end":{"line":57,"column":45}},"11":{"start":{"line":59,"column":8},"end":{"line":59,"column":35}},"12":{"start":{"line":61,"column":4},"end":{"line":325,"column":5}},"13":{"start":{"line":69,"column":8},"end":{"line":121,"column":10},"skip":true},"14":{"start":{"line":70,"column":12},"end":{"line":88,"column":13},"skip":true},"15":{"start":{"line":76,"column":16},"end":{"line":87,"column":19},"skip":true},"16":{"start":{"line":79,"column":20},"end":{"line":86,"column":21},"skip":true},"17":{"start":{"line":82,"column":24},"end":{"line":82,"column":43},"skip":true},"18":{"start":{"line":83,"column":24},"end":{"line":83,"column":30},"skip":true},"19":{"start":{"line":85,"column":24},"end":{"line":85,"column":49},"skip":true},"20":{"start":{"line":89,"column":12},"end":{"line":107,"column":13},"skip":true},"21":{"start":{"line":92,"column":16},"end":{"line":102,"column":17},"skip":true},"22":{"start":{"line":93,"column":20},"end":{"line":93,"column":86},"skip":true},"23":{"start":{"line":94,"column":20},"end":{"line":95,"column":45},"skip":true},"24":{"start":{"line":96,"column":20},"end":{"line":96,"column":42},"skip":true},"25":{"start":{"line":97,"column":20},"end":{"line":97,"column":48},"skip":true},"26":{"start":{"line":100,"column":20},"end":{"line":100,"column":85},"skip":true},"27":{"start":{"line":101,"column":20},"end":{"line":101,"column":96},"skip":true},"28":{"start":{"line":103,"column":16},"end":{"line":103,"column":22},"skip":true},"29":{"start":{"line":106,"column":16},"end":{"line":106,"column":22},"skip":true},"30":{"start":{"line":108,"column":12},"end":{"line":120,"column":13},"skip":true},"31":{"start":{"line":114,"column":16},"end":{"line":119,"column":17},"skip":true},"32":{"start":{"line":116,"column":20},"end":{"line":116,"column":78},"skip":true},"33":{"start":{"line":118,"column":20},"end":{"line":118,"column":47},"skip":true},"34":{"start":{"line":123,"column":8},"end":{"line":141,"column":11},"skip":true},"35":{"start":{"line":124,"column":12},"end":{"line":124,"column":54},"skip":true},"36":{"start":{"line":125,"column":12},"end":{"line":140,"column":14},"skip":true},"37":{"start":{"line":126,"column":16},"end":{"line":126,"column":28},"skip":true},"38":{"start":{"line":127,"column":16},"end":{"line":127,"column":69},"skip":true},"39":{"start":{"line":128,"column":16},"end":{"line":128,"column":75},"skip":true},"40":{"start":{"line":129,"column":16},"end":{"line":131,"column":17},"skip":true},"41":{"start":{"line":130,"column":20},"end":{"line":130,"column":27},"skip":true},"42":{"start":{"line":133,"column":16},"end":{"line":137,"column":36},"skip":true},"43":{"start":{"line":134,"column":20},"end":{"line":136,"column":55},"skip":true},"44":{"start":{"line":139,"column":16},"end":{"line":139,"column":57},"skip":true},"45":{"start":{"line":143,"column":8},"end":{"line":147,"column":11},"skip":true},"46":{"start":{"line":144,"column":12},"end":{"line":146,"column":15},"skip":true},"47":{"start":{"line":145,"column":16},"end":{"line":145,"column":70},"skip":true},"48":{"start":{"line":149,"column":8},"end":{"line":149,"column":31},"skip":true},"49":{"start":{"line":150,"column":8},"end":{"line":150,"column":14},"skip":true},"50":{"start":{"line":158,"column":8},"end":{"line":158,"column":31},"skip":true},"51":{"start":{"line":160,"column":8},"end":{"line":160,"column":33},"skip":true},"52":{"start":{"line":161,"column":8},"end":{"line":161,"column":37},"skip":true},"53":{"start":{"line":162,"column":8},"end":{"line":162,"column":35},"skip":true},"54":{"start":{"line":164,"column":8},"end":{"line":164,"column":50},"skip":true},"55":{"start":{"line":166,"column":8},"end":{"line":256,"column":2},"skip":true},"56":{"start":{"line":258,"column":8},"end":{"line":286,"column":9},"skip":true},"57":{"start":{"line":259,"column":12},"end":{"line":269,"column":14},"skip":true},"58":{"start":{"line":271,"column":12},"end":{"line":285,"column":19},"skip":true},"59":{"start":{"line":274,"column":20},"end":{"line":274,"column":35},"skip":true},"60":{"start":{"line":275,"column":20},"end":{"line":284,"column":21},"skip":true},"61":{"start":{"line":277,"column":24},"end":{"line":277,"column":64},"skip":true},"62":{"start":{"line":279,"column":24},"end":{"line":279,"column":40},"skip":true},"63":{"start":{"line":281,"column":24},"end":{"line":281,"column":40},"skip":true},"64":{"start":{"line":283,"column":24},"end":{"line":283,"column":39},"skip":true},"65":{"start":{"line":288,"column":8},"end":{"line":290,"column":9},"skip":true},"66":{"start":{"line":289,"column":12},"end":{"line":289,"column":18},"skip":true},"67":{"start":{"line":291,"column":8},"end":{"line":293,"column":54},"skip":true},"68":{"start":{"line":296,"column":8},"end":{"line":301,"column":37},"skip":true},"69":{"start":{"line":303,"column":8},"end":{"line":303,"column":82},"skip":true},"70":{"start":{"line":306,"column":8},"end":{"line":308,"column":9},"skip":true},"71":{"start":{"line":307,"column":12},"end":{"line":307,"column":82},"skip":true},"72":{"start":{"line":310,"column":8},"end":{"line":312,"column":9},"skip":true},"73":{"start":{"line":311,"column":12},"end":{"line":311,"column":18},"skip":true},"74":{"start":{"line":313,"column":8},"end":{"line":313,"column":54},"skip":true},"75":{"start":{"line":314,"column":8},"end":{"line":314,"column":69},"skip":true},"76":{"start":{"line":315,"column":8},"end":{"line":323,"column":36},"skip":true},"77":{"start":{"line":316,"column":12},"end":{"line":316,"column":61},"skip":true},"78":{"start":{"line":317,"column":12},"end":{"line":320,"column":13},"skip":true},"79":{"start":{"line":318,"column":16},"end":{"line":318,"column":75},"skip":true},"80":{"start":{"line":319,"column":16},"end":{"line":319,"column":23},"skip":true},"81":{"start":{"line":321,"column":12},"end":{"line":321,"column":38},"skip":true},"82":{"start":{"line":322,"column":12},"end":{"line":322,"column":27},"skip":true},"83":{"start":{"line":324,"column":8},"end":{"line":324,"column":14},"skip":true}},"branchMap":{"1":{"line":39,"type":"binary-expr","locations":[{"start":{"line":39,"column":23},"end":{"line":39,"column":62}},{"start":{"line":40,"column":20},"end":{"line":40,"column":70}},{"start":{"line":41,"column":20},"end":{"line":41,"column":71}},{"start":{"line":42,"column":20},"end":{"line":42,"column":29}}]},"2":{"line":44,"type":"binary-expr","locations":[{"start":{"line":44,"column":23},"end":{"line":44,"column":37}},{"start":{"line":45,"column":20},"end":{"line":45,"column":61}},{"start":{"line":46,"column":20},"end":{"line":46,"column":70}},{"start":{"line":47,"column":20},"end":{"line":47,"column":26}}]},"3":{"line":51,"type":"cond-expr","locations":[{"start":{"line":52,"column":14},"end":{"line":52,"column":20}},{"start":{"line":53,"column":14},"end":{"line":53,"column":20}}]},"4":{"line":55,"type":"binary-expr","locations":[{"start":{"line":55,"column":16},"end":{"line":55,"column":44}},{"start":{"line":55,"column":49},"end":{"line":57,"column":43}}]},"5":{"line":55,"type":"cond-expr","locations":[{"start":{"line":56,"column":14},"end":{"line":56,"column":57}},{"start":{"line":57,"column":14},"end":{"line":57,"column":43}}]},"6":{"line":61,"type":"switch","locations":[{"start":{"line":68,"column":4},"end":{"line":150,"column":14},"skip":true},{"start":{"line":156,"column":4},"end":{"line":324,"column":14},"skip":true}]},"7":{"line":70,"type":"if","locations":[{"start":{"line":70,"column":12},"end":{"line":70,"column":12},"skip":true},{"start":{"line":70,"column":12},"end":{"line":70,"column":12},"skip":true}]},"8":{"line":70,"type":"binary-expr","locations":[{"start":{"line":70,"column":16},"end":{"line":70,"column":22},"skip":true},{"start":{"line":70,"column":27},"end":{"line":70,"column":32},"skip":true},{"start":{"line":71,"column":20},"end":{"line":71,"column":39},"skip":true},{"start":{"line":72,"column":20},"end":{"line":72,"column":49},"skip":true},{"start":{"line":73,"column":20},"end":{"line":73,"column":58},"skip":true},{"start":{"line":74,"column":20},"end":{"line":74,"column":69},"skip":true}]},"9":{"line":79,"type":"switch","locations":[{"start":{"line":80,"column":20},"end":{"line":80,"column":33},"skip":true},{"start":{"line":81,"column":20},"end":{"line":83,"column":30},"skip":true},{"start":{"line":84,"column":20},"end":{"line":85,"column":49},"skip":true}]},"10":{"line":89,"type":"switch","locations":[{"start":{"line":90,"column":12},"end":{"line":103,"column":22},"skip":true},{"start":{"line":105,"column":12},"end":{"line":106,"column":22},"skip":true}]},"11":{"line":89,"type":"binary-expr","locations":[{"start":{"line":89,"column":20},"end":{"line":89,"column":25},"skip":true},{"start":{"line":89,"column":29},"end":{"line":89,"column":48},"skip":true},{"start":{"line":89,"column":52},"end":{"line":89,"column":74},"skip":true}]},"12":{"line":92,"type":"if","locations":[{"start":{"line":92,"column":16},"end":{"line":92,"column":16},"skip":true},{"start":{"line":92,"column":16},"end":{"line":92,"column":16},"skip":true}]},"13":{"line":108,"type":"if","locations":[{"start":{"line":108,"column":12},"end":{"line":108,"column":12},"skip":true},{"start":{"line":108,"column":12},"end":{"line":108,"column":12},"skip":true}]},"14":{"line":108,"type":"binary-expr","locations":[{"start":{"line":108,"column":16},"end":{"line":108,"column":61},"skip":true},{"start":{"line":108,"column":66},"end":{"line":108,"column":72},"skip":true},{"start":{"line":108,"column":77},"end":{"line":108,"column":82},"skip":true},{"start":{"line":109,"column":20},"end":{"line":109,"column":39},"skip":true},{"start":{"line":110,"column":20},"end":{"line":110,"column":49},"skip":true},{"start":{"line":111,"column":20},"end":{"line":111,"column":58},"skip":true},{"start":{"line":112,"column":20},"end":{"line":112,"column":68},"skip":true}]},"15":{"line":129,"type":"if","locations":[{"start":{"line":129,"column":16},"end":{"line":129,"column":16},"skip":true},{"start":{"line":129,"column":16},"end":{"line":129,"column":16},"skip":true}]},"16":{"line":134,"type":"cond-expr","locations":[{"start":{"line":135,"column":26},"end":{"line":135,"column":29},"skip":true},{"start":{"line":136,"column":26},"end":{"line":136,"column":54},"skip":true}]},"17":{"line":164,"type":"binary-expr","locations":[{"start":{"line":164,"column":27},"end":{"line":164,"column":43},"skip":true},{"start":{"line":164,"column":47},"end":{"line":164,"column":49},"skip":true}]},"18":{"line":258,"type":"if","locations":[{"start":{"line":258,"column":8},"end":{"line":258,"column":8},"skip":true},{"start":{"line":258,"column":8},"end":{"line":258,"column":8},"skip":true}]},"19":{"line":275,"type":"switch","locations":[{"start":{"line":276,"column":20},"end":{"line":277,"column":64},"skip":true},{"start":{"line":278,"column":20},"end":{"line":279,"column":40},"skip":true},{"start":{"line":280,"column":20},"end":{"line":281,"column":40},"skip":true},{"start":{"line":282,"column":20},"end":{"line":283,"column":39},"skip":true}]},"20":{"line":288,"type":"if","locations":[{"start":{"line":288,"column":8},"end":{"line":288,"column":8},"skip":true},{"start":{"line":288,"column":8},"end":{"line":288,"column":8},"skip":true}]},"21":{"line":288,"type":"binary-expr","locations":[{"start":{"line":288,"column":12},"end":{"line":288,"column":40},"skip":true},{"start":{"line":288,"column":44},"end":{"line":288,"column":67},"skip":true}]},"22":{"line":292,"type":"binary-expr","locations":[{"start":{"line":292,"column":12},"end":{"line":292,"column":50},"skip":true},{"start":{"line":293,"column":12},"end":{"line":293,"column":53},"skip":true}]},"23":{"line":297,"type":"binary-expr","locations":[{"start":{"line":297,"column":12},"end":{"line":297,"column":71},"skip":true},{"start":{"line":298,"column":12},"end":{"line":301,"column":36},"skip":true}]},"24":{"line":303,"type":"binary-expr","locations":[{"start":{"line":303,"column":43},"end":{"line":303,"column":75},"skip":true},{"start":{"line":303,"column":79},"end":{"line":303,"column":81},"skip":true}]},"25":{"line":306,"type":"if","locations":[{"start":{"line":306,"column":8},"end":{"line":306,"column":8},"skip":true},{"start":{"line":306,"column":8},"end":{"line":306,"column":8},"skip":true}]},"26":{"line":310,"type":"if","locations":[{"start":{"line":310,"column":8},"end":{"line":310,"column":8},"skip":true},{"start":{"line":310,"column":8},"end":{"line":310,"column":8},"skip":true}]},"27":{"line":313,"type":"binary-expr","locations":[{"start":{"line":313,"column":27},"end":{"line":313,"column":43},"skip":true},{"start":{"line":313,"column":47},"end":{"line":313,"column":53},"skip":true}]},"28":{"line":317,"type":"if","locations":[{"start":{"line":317,"column":12},"end":{"line":317,"column":12},"skip":true},{"start":{"line":317,"column":12},"end":{"line":317,"column":12},"skip":true}]}},"code":["/*","example.js","","quickstart example","","instruction","    1. save this script as example.js","    2. run the shell command:","        $ npm install npmtest-simplecrawler && PORT=8081 node example.js","    3. play with the browser-demo on http://127.0.0.1:8081","*/","","","","/* istanbul instrument in package npmtest_simplecrawler */","/*jslint","    bitwise: true,","    browser: true,","    maxerr: 8,","    maxlen: 96,","    node: true,","    nomen: true,","    regexp: true,","    stupid: true","*/","(function () {","    'use strict';","    var local;","","","","    // run shared js-env code - init-before","    (function () {","        // init local","        local = {};","        // init modeJs","        local.modeJs = (function () {","            try {","                return typeof navigator.userAgent === 'string' &&","                    typeof document.querySelector('body') === 'object' &&","                    typeof XMLHttpRequest.prototype.open === 'function' &&","                    'browser';","            } catch (errorCaughtBrowser) {","                return module.exports &&","                    typeof process.versions.node === 'string' &&","                    typeof require('http').createServer === 'function' &&","                    'node';","            }","        }());","        // init global","        local.global = local.modeJs === 'browser'","            ? window","            : global;","        // init utility2_rollup","        local = local.global.utility2_rollup || (local.modeJs === 'browser'","            ? local.global.utility2_npmtest_simplecrawler","            : global.utility2_moduleExports);","        // export local","        local.global.local = local;","    }());","    switch (local.modeJs) {","","","","    // init-after","    // run browser js-env code - init-after","    /* istanbul ignore next */","    case 'browser':","        local.testRunBrowser = function (event) {","            if (!event || (event &&","                    event.currentTarget &&","                    event.currentTarget.className &&","                    event.currentTarget.className.includes &&","                    event.currentTarget.className.includes('onreset'))) {","                // reset output","                Array.from(","                    document.querySelectorAll('body > .resettable')","                ).forEach(function (element) {","                    switch (element.tagName) {","                    case 'INPUT':","                    case 'TEXTAREA':","                        element.value = '';","                        break;","                    default:","                        element.textContent = '';","                    }","                });","            }","            switch (event && event.currentTarget && event.currentTarget.id) {","            case 'testRunButton1':","                // show tests","                if (document.querySelector('#testReportDiv1').style.display === 'none') {","                    document.querySelector('#testReportDiv1').style.display = 'block';","                    document.querySelector('#testRunButton1').textContent =","                        'hide internal test';","                    local.modeTest = true;","                    local.testRunDefault(local);","                // hide tests","                } else {","                    document.querySelector('#testReportDiv1').style.display = 'none';","                    document.querySelector('#testRunButton1').textContent = 'run internal test';","                }","                break;","            // custom-case","            default:","                break;","            }","            if (document.querySelector('#inputTextareaEval1') && (!event || (event &&","                    event.currentTarget &&","                    event.currentTarget.className &&","                    event.currentTarget.className.includes &&","                    event.currentTarget.className.includes('oneval')))) {","                // try to eval input-code","                try {","                    /*jslint evil: true*/","                    eval(document.querySelector('#inputTextareaEval1').value);","                } catch (errorCaught) {","                    console.error(errorCaught);","                }","            }","        };","        // log stderr and stdout to #outputTextareaStdout1","        ['error', 'log'].forEach(function (key) {","            console[key + '_original'] = console[key];","            console[key] = function () {","                var element;","                console[key + '_original'].apply(console, arguments);","                element = document.querySelector('#outputTextareaStdout1');","                if (!element) {","                    return;","                }","                // append text to #outputTextareaStdout1","                element.value += Array.from(arguments).map(function (arg) {","                    return typeof arg === 'string'","                        ? arg","                        : JSON.stringify(arg, null, 4);","                }).join(' ') + '\\n';","                // scroll textarea to bottom","                element.scrollTop = element.scrollHeight;","            };","        });","        // init event-handling","        ['change', 'click', 'keyup'].forEach(function (event) {","            Array.from(document.querySelectorAll('.on' + event)).forEach(function (element) {","                element.addEventListener(event, local.testRunBrowser);","            });","        });","        // run tests","        local.testRunBrowser();","        break;","","","","    // run node js-env code - init-after","    /* istanbul ignore next */","    case 'node':","        // export local","        module.exports = local;","        // require modules","        local.fs = require('fs');","        local.http = require('http');","        local.url = require('url');","        // init assets","        local.assetsDict = local.assetsDict || {};","        /* jslint-ignore-begin */","        local.assetsDict['/assets.index.template.html'] = '\\","<!doctype html>\\n\\","<html lang=\"en\">\\n\\","<head>\\n\\","<meta charset=\"UTF-8\">\\n\\","<meta name=\"viewport\" content=\"width=device-width, initial-scale=1\">\\n\\","<title>{{env.npm_package_name}} (v{{env.npm_package_version}})</title>\\n\\","<style>\\n\\","/*csslint\\n\\","    box-sizing: false,\\n\\","    universal-selector: false\\n\\","*/\\n\\","* {\\n\\","    box-sizing: border-box;\\n\\","}\\n\\","body {\\n\\","    background: #dde;\\n\\","    font-family: Arial, Helvetica, sans-serif;\\n\\","    margin: 2rem;\\n\\","}\\n\\","body > * {\\n\\","    margin-bottom: 1rem;\\n\\","}\\n\\",".utility2FooterDiv {\\n\\","    margin-top: 20px;\\n\\","    text-align: center;\\n\\","}\\n\\","</style>\\n\\","<style>\\n\\","/*csslint\\n\\","*/\\n\\","textarea {\\n\\","    font-family: monospace;\\n\\","    height: 10rem;\\n\\","    width: 100%;\\n\\","}\\n\\","textarea[readonly] {\\n\\","    background: #ddd;\\n\\","}\\n\\","</style>\\n\\","</head>\\n\\","<body>\\n\\","<!-- utility2-comment\\n\\","<div id=\"ajaxProgressDiv1\" style=\"background: #d00; height: 2px; left: 0; margin: 0; padding: 0; position: fixed; top: 0; transition: background 0.5s, width 1.5s; width: 25%;\"></div>\\n\\","utility2-comment -->\\n\\","<h1>\\n\\","<!-- utility2-comment\\n\\","    <a\\n\\","        {{#if env.npm_package_homepage}}\\n\\","        href=\"{{env.npm_package_homepage}}\"\\n\\","        {{/if env.npm_package_homepage}}\\n\\","        target=\"_blank\"\\n\\","    >\\n\\","utility2-comment -->\\n\\","        {{env.npm_package_name}} (v{{env.npm_package_version}})\\n\\","<!-- utility2-comment\\n\\","    </a>\\n\\","utility2-comment -->\\n\\","</h1>\\n\\","<h3>{{env.npm_package_description}}</h3>\\n\\","<!-- utility2-comment\\n\\","<h4><a download href=\"assets.app.js\">download standalone app</a></h4>\\n\\","<button class=\"onclick onreset\" id=\"testRunButton1\">run internal test</button><br>\\n\\","<div id=\"testReportDiv1\" style=\"display: none;\"></div>\\n\\","utility2-comment -->\\n\\","\\n\\","\\n\\","\\n\\","<label>stderr and stdout</label>\\n\\","<textarea class=\"resettable\" id=\"outputTextareaStdout1\" readonly></textarea>\\n\\","<!-- utility2-comment\\n\\","{{#if isRollup}}\\n\\","<script src=\"assets.app.js\"></script>\\n\\","{{#unless isRollup}}\\n\\","utility2-comment -->\\n\\","<script src=\"assets.utility2.rollup.js\"></script>\\n\\","<script src=\"jsonp.utility2._stateInit?callback=window.utility2._stateInit\"></script>\\n\\","<script src=\"assets.npmtest_simplecrawler.rollup.js\"></script>\\n\\","<script src=\"assets.example.js\"></script>\\n\\","<script src=\"assets.test.js\"></script>\\n\\","<!-- utility2-comment\\n\\","{{/if isRollup}}\\n\\","utility2-comment -->\\n\\","<div class=\"utility2FooterDiv\">\\n\\","    [ this app was created with\\n\\","    <a href=\"https://github.com/kaizhu256/node-utility2\" target=\"_blank\">utility2</a>\\n\\","    ]\\n\\","</div>\\n\\","</body>\\n\\","</html>\\n\\","';","        /* jslint-ignore-end */","        if (local.templateRender) {","            local.assetsDict['/'] = local.templateRender(","                local.assetsDict['/assets.index.template.html'],","                {","                    env: local.objectSetDefault(local.env, {","                        npm_package_description: 'the greatest app in the world!',","                        npm_package_name: 'my-app',","                        npm_package_nameAlias: 'my_app',","                        npm_package_version: '0.0.1'","                    })","                }","            );","        } else {","            local.assetsDict['/'] = local.assetsDict['/assets.index.template.html']","                .replace((/\\{\\{env\\.(\\w+?)\\}\\}/g), function (match0, match1) {","                    // jslint-hack","                    String(match0);","                    switch (match1) {","                    case 'npm_package_description':","                        return 'the greatest app in the world!';","                    case 'npm_package_name':","                        return 'my-app';","                    case 'npm_package_nameAlias':","                        return 'my_app';","                    case 'npm_package_version':","                        return '0.0.1';","                    }","                });","        }","        // run the cli","        if (local.global.utility2_rollup || module !== require.main) {","            break;","        }","        local.assetsDict['/assets.example.js'] =","            local.assetsDict['/assets.example.js'] ||","            local.fs.readFileSync(__filename, 'utf8');","        // bug-workaround - long $npm_package_buildCustomOrg","        /* jslint-ignore-begin */","        local.assetsDict['/assets.npmtest_simplecrawler.rollup.js'] =","            local.assetsDict['/assets.npmtest_simplecrawler.rollup.js'] ||","            local.fs.readFileSync(","                local.npmtest_simplecrawler.__dirname + '/lib.npmtest_simplecrawler.js',","                'utf8'","            ).replace((/^#!/), '//');","        /* jslint-ignore-end */","        local.assetsDict['/favicon.ico'] = local.assetsDict['/favicon.ico'] || '';","        // if $npm_config_timeout_exit exists,","        // then exit this process after $npm_config_timeout_exit ms","        if (Number(process.env.npm_config_timeout_exit)) {","            setTimeout(process.exit, Number(process.env.npm_config_timeout_exit));","        }","        // start server","        if (local.global.utility2_serverHttp1) {","            break;","        }","        process.env.PORT = process.env.PORT || '8081';","        console.error('server starting on port ' + process.env.PORT);","        local.http.createServer(function (request, response) {","            request.urlParsed = local.url.parse(request.url);","            if (local.assetsDict[request.urlParsed.pathname] !== undefined) {","                response.end(local.assetsDict[request.urlParsed.pathname]);","                return;","            }","            response.statusCode = 404;","            response.end();","        }).listen(process.env.PORT);","        break;","    }","}());",""],"l":{"26":2,"28":2,"33":2,"35":2,"37":2,"38":2,"39":2,"44":1,"51":2,"55":2,"59":2,"61":2,"69":1,"70":2,"76":2,"79":2,"82":2,"83":2,"85":1,"89":2,"92":1,"93":1,"94":1,"96":1,"97":1,"100":1,"101":1,"103":1,"106":1,"108":2,"114":1,"116":1,"118":1,"123":1,"124":2,"125":2,"126":3,"127":3,"128":3,"129":3,"130":1,"133":3,"134":3,"139":3,"143":1,"144":3,"145":1,"149":1,"150":1,"158":1,"160":1,"161":1,"162":1,"164":1,"166":1,"258":1,"259":1,"271":1,"274":6,"275":6,"277":1,"279":2,"281":1,"283":2,"288":1,"289":1,"291":1,"296":1,"303":1,"306":1,"307":1,"310":1,"311":1,"313":1,"314":1,"315":1,"316":1,"317":1,"318":1,"319":1,"321":1,"322":1,"324":1}},"/home/travis/build/npmtest/node-npmtest-simplecrawler/node_modules/simplecrawler/lib/index.js":{"path":"/home/travis/build/npmtest/node-npmtest-simplecrawler/node_modules/simplecrawler/lib/index.js","s":{"1":1,"2":1,"3":1,"4":1,"5":0},"b":{},"f":{"1":0},"fnMap":{"1":{"name":"(anonymous_1)","line":14,"loc":{"start":{"line":14,"column":23},"end":{"line":14,"column":35}}}},"statementMap":{"1":{"start":{"line":9,"column":0},"end":{"line":9,"column":41}},"2":{"start":{"line":11,"column":0},"end":{"line":11,"column":45}},"3":{"start":{"line":12,"column":0},"end":{"line":12,"column":45}},"4":{"start":{"line":14,"column":0},"end":{"line":20,"column":2}},"5":{"start":{"line":15,"column":4},"end":{"line":19,"column":6}}},"branchMap":{},"code":["/*"," * Simplecrawler - Export interfaces"," * https://github.com/cgiffard/node-simplecrawler"," *"," * Copyright (c) 2011-2015, Christopher Giffard"," *"," */","","module.exports = require(\"./crawler.js\");","","module.exports.queue = require(\"./queue.js\");","module.exports.cache = require(\"./cache.js\");","","module.exports.crawl = function () {","    throw new Error(","        \"Crawler.crawl is deprecated as of version 1.0.0! \" +","        \"You can now pass a single URL directly to the constructor. \" +","        \"See the documentation for more details!\"","    );","};",""],"l":{"9":1,"11":1,"12":1,"14":1,"15":0}},"/home/travis/build/npmtest/node-npmtest-simplecrawler/node_modules/simplecrawler/lib/crawler.js":{"path":"/home/travis/build/npmtest/node-npmtest-simplecrawler/node_modules/simplecrawler/lib/crawler.js","s":{"1":1,"2":1,"3":1,"4":1,"5":0,"6":0,"7":0,"8":0,"9":0,"10":0,"11":0,"12":0,"13":0,"14":0,"15":0,"16":0,"17":0,"18":0,"19":0,"20":0,"21":0,"22":0,"23":0,"24":0,"25":0,"26":0,"27":0,"28":0,"29":0,"30":0,"31":0,"32":0,"33":0,"34":0,"35":0,"36":0,"37":0,"38":0,"39":0,"40":0,"41":0,"42":0,"43":0,"44":0,"45":0,"46":0,"47":0,"48":0,"49":0,"50":0,"51":0,"52":0,"53":0,"54":0,"55":0,"56":0,"57":0,"58":0,"59":0,"60":0,"61":0,"62":0,"63":0,"64":0,"65":1,"66":1,"67":0,"68":0,"69":0,"70":0,"71":0,"72":0,"73":0,"74":0,"75":0,"76":0,"77":0,"78":0,"79":0,"80":0,"81":0,"82":1,"83":0,"84":0,"85":0,"86":0,"87":0,"88":0,"89":0,"90":1,"91":0,"92":0,"93":0,"94":0,"95":0,"96":0,"97":0,"98":0,"99":0,"100":0,"101":0,"102":0,"103":0,"104":0,"105":0,"106":0,"107":0,"108":0,"109":0,"110":0,"111":0,"112":0,"113":0,"114":0,"115":0,"116":0,"117":0,"118":0,"119":0,"120":0,"121":1,"122":0,"123":0,"124":0,"125":0,"126":0,"127":0,"128":0,"129":0,"130":0,"131":0,"132":0,"133":0,"134":0,"135":0,"136":0,"137":0,"138":0,"139":0,"140":0,"141":0,"142":0,"143":0,"144":0,"145":0,"146":0,"147":0,"148":0,"149":0,"150":0,"151":0,"152":0,"153":0,"154":0,"155":0,"156":0,"157":0,"158":0,"159":0,"160":0,"161":0,"162":0,"163":0,"164":0,"165":0,"166":1,"167":0,"168":0,"169":0,"170":0,"171":0,"172":0,"173":0,"174":0,"175":1,"176":0,"177":0,"178":0,"179":0,"180":0,"181":1,"182":0,"183":0,"184":0,"185":0,"186":0,"187":0,"188":0,"189":0,"190":0,"191":0,"192":0,"193":0,"194":0,"195":0,"196":0,"197":1,"198":0,"199":1,"200":0,"201":0,"202":0,"203":0,"204":0,"205":0,"206":0,"207":0,"208":0,"209":0,"210":0,"211":0,"212":0,"213":0,"214":0,"215":0,"216":0,"217":1,"218":0,"219":0,"220":0,"221":0,"222":0,"223":0,"224":0,"225":0,"226":0,"227":0,"228":0,"229":0,"230":0,"231":0,"232":0,"233":1,"234":0,"235":0,"236":0,"237":1,"238":0,"239":0,"240":0,"241":0,"242":0,"243":0,"244":0,"245":0,"246":1,"247":0,"248":0,"249":0,"250":0,"251":0,"252":0,"253":0,"254":1,"255":0,"256":0,"257":0,"258":0,"259":0,"260":0,"261":0,"262":0,"263":1,"264":0,"265":0,"266":0,"267":0,"268":0,"269":0,"270":0,"271":0,"272":0,"273":0,"274":0,"275":0,"276":0,"277":0,"278":0,"279":0,"280":0,"281":0,"282":0,"283":0,"284":0,"285":0,"286":0,"287":0,"288":0,"289":0,"290":0,"291":0,"292":1,"293":0,"294":0,"295":0,"296":0,"297":0,"298":0,"299":0,"300":0,"301":0,"302":0,"303":0,"304":0,"305":0,"306":0,"307":0,"308":0,"309":0,"310":0,"311":0,"312":0,"313":0,"314":0,"315":0,"316":0,"317":0,"318":0,"319":0,"320":0,"321":0,"322":0,"323":0,"324":0,"325":0,"326":0,"327":0,"328":0,"329":0,"330":0,"331":0,"332":1,"333":0,"334":0,"335":0,"336":0,"337":1,"338":0,"339":0,"340":0,"341":0,"342":0,"343":0,"344":0,"345":0,"346":0,"347":0,"348":0,"349":0,"350":0,"351":0,"352":0,"353":0,"354":0,"355":0,"356":0,"357":0,"358":0,"359":0,"360":0,"361":0,"362":0,"363":0,"364":0,"365":0,"366":0,"367":0,"368":0,"369":0,"370":0,"371":0,"372":0,"373":0,"374":0,"375":0,"376":0,"377":0,"378":0,"379":0,"380":0,"381":0,"382":0,"383":0,"384":0,"385":0,"386":0,"387":0,"388":0,"389":0,"390":0,"391":0,"392":0,"393":0,"394":0,"395":0,"396":0,"397":0,"398":0,"399":0,"400":0,"401":0,"402":0,"403":0,"404":0,"405":0,"406":0,"407":0,"408":0,"409":0,"410":0,"411":0,"412":0,"413":1,"414":0,"415":0,"416":0,"417":0,"418":0,"419":0,"420":0,"421":0,"422":0,"423":1,"424":0,"425":0,"426":0,"427":0,"428":0,"429":0,"430":0,"431":0,"432":0,"433":0,"434":0,"435":0,"436":0,"437":0,"438":0,"439":0,"440":0,"441":0,"442":0,"443":1,"444":0,"445":0,"446":0,"447":0,"448":0,"449":0,"450":0,"451":0,"452":0,"453":0,"454":0,"455":0,"456":0,"457":1,"458":0,"459":0,"460":0,"461":0,"462":0,"463":0,"464":0,"465":0,"466":0,"467":0,"468":0,"469":0,"470":0,"471":0,"472":0,"473":0,"474":0,"475":0,"476":0,"477":0,"478":0,"479":0,"480":0,"481":0,"482":0,"483":0,"484":0,"485":0,"486":0,"487":0,"488":0,"489":0,"490":0,"491":1,"492":0,"493":0,"494":0,"495":0,"496":0,"497":0,"498":0,"499":1,"500":0,"501":0,"502":0,"503":0,"504":0,"505":0,"506":0,"507":0,"508":0,"509":0,"510":0,"511":0,"512":1,"513":0,"514":0,"515":0,"516":0,"517":1,"518":0,"519":0,"520":0,"521":0,"522":0,"523":0,"524":0,"525":1,"526":0,"527":0,"528":0,"529":0,"530":1,"531":0,"532":0,"533":0,"534":0,"535":0,"536":0,"537":0,"538":1},"b":{"1":[0,0],"2":[0,0],"3":[0,0],"4":[0,0],"5":[0,0],"6":[0,0],"7":[0,0],"8":[0,0],"9":[0,0],"10":[0,0],"11":[0,0],"12":[0,0],"13":[0,0],"14":[0,0],"15":[0,0],"16":[0,0],"17":[0,0],"18":[0,0],"19":[0,0],"20":[0,0],"21":[0,0],"22":[0,0,0],"23":[0,0],"24":[0,0],"25":[0,0],"26":[0,0],"27":[0,0],"28":[0,0],"29":[0,0],"30":[0,0],"31":[0,0],"32":[0,0],"33":[0,0],"34":[0,0],"35":[0,0],"36":[0,0],"37":[0,0],"38":[0,0],"39":[0,0],"40":[0,0],"41":[0,0,0],"42":[0,0],"43":[0,0],"44":[0,0],"45":[0,0],"46":[0,0],"47":[0,0],"48":[0,0],"49":[0,0],"50":[0,0],"51":[0,0],"52":[0,0],"53":[0,0],"54":[0,0],"55":[0,0],"56":[0,0],"57":[0,0],"58":[0,0],"59":[0,0],"60":[0,0],"61":[0,0],"62":[0,0],"63":[0,0],"64":[0,0],"65":[0,0],"66":[0,0],"67":[0,0],"68":[0,0],"69":[0,0],"70":[0,0],"71":[0,0],"72":[0,0],"73":[0,0],"74":[0,0,0,0,0,0,0],"75":[0,0],"76":[0,0],"77":[0,0],"78":[0,0],"79":[0,0],"80":[0,0],"81":[0,0],"82":[0,0],"83":[0,0],"84":[0,0],"85":[0,0],"86":[0,0],"87":[0,0],"88":[0,0],"89":[0,0],"90":[0,0],"91":[0,0],"92":[0,0],"93":[0,0],"94":[0,0],"95":[0,0],"96":[0,0],"97":[0,0],"98":[0,0],"99":[0,0],"100":[0,0],"101":[0,0],"102":[0,0],"103":[0,0],"104":[0,0,0],"105":[0,0],"106":[0,0],"107":[0,0],"108":[0,0],"109":[0,0],"110":[0,0],"111":[0,0],"112":[0,0],"113":[0,0],"114":[0,0],"115":[0,0],"116":[0,0],"117":[0,0],"118":[0,0],"119":[0,0],"120":[0,0],"121":[0,0],"122":[0,0],"123":[0,0],"124":[0,0],"125":[0,0,0],"126":[0,0],"127":[0,0],"128":[0,0],"129":[0,0],"130":[0,0],"131":[0,0],"132":[0,0],"133":[0,0],"134":[0,0],"135":[0,0],"136":[0,0],"137":[0,0],"138":[0,0],"139":[0,0],"140":[0,0],"141":[0,0],"142":[0,0],"143":[0,0],"144":[0,0],"145":[0,0],"146":[0,0],"147":[0,0],"148":[0,0],"149":[0,0],"150":[0,0],"151":[0,0],"152":[0,0],"153":[0,0],"154":[0,0],"155":[0,0],"156":[0,0],"157":[0,0],"158":[0,0],"159":[0,0],"160":[0,0],"161":[0,0],"162":[0,0],"163":[0,0],"164":[0,0],"165":[0,0],"166":[0,0],"167":[0,0],"168":[0,0],"169":[0,0]},"f":{"1":0,"2":0,"3":0,"4":0,"5":0,"6":0,"7":0,"8":0,"9":0,"10":0,"11":0,"12":0,"13":0,"14":0,"15":0,"16":0,"17":0,"18":0,"19":0,"20":0,"21":0,"22":0,"23":0,"24":0,"25":0,"26":0,"27":0,"28":0,"29":0,"30":0,"31":0,"32":0,"33":0,"34":0,"35":0,"36":0,"37":0,"38":0,"39":0,"40":0,"41":0,"42":0,"43":0,"44":0,"45":0,"46":0,"47":0,"48":0,"49":0,"50":0,"51":0,"52":0,"53":0,"54":0,"55":0,"56":0,"57":0,"58":0,"59":0,"60":0,"61":0,"62":0,"63":0,"64":0,"65":0,"66":0,"67":0,"68":0,"69":0,"70":0,"71":0,"72":0,"73":0,"74":0,"75":0,"76":0,"77":0,"78":0,"79":0,"80":0,"81":0,"82":0,"83":0},"fnMap":{"1":{"name":"(anonymous_1)","line":29,"loc":{"start":{"line":29,"column":14},"end":{"line":29,"column":35}}},"2":{"name":"(anonymous_2)","line":333,"loc":{"start":{"line":333,"column":8},"end":{"line":333,"column":25}}},"3":{"name":"(anonymous_3)","line":335,"loc":{"start":{"line":335,"column":76},"end":{"line":335,"column":93}}},"4":{"name":"(anonymous_4)","line":344,"loc":{"start":{"line":344,"column":8},"end":{"line":344,"column":25}}},"5":{"name":"(anonymous_5)","line":348,"loc":{"start":{"line":348,"column":8},"end":{"line":348,"column":25}}},"6":{"name":"(anonymous_6)","line":410,"loc":{"start":{"line":410,"column":37},"end":{"line":410,"column":51}}},"7":{"name":"(anonymous_7)","line":428,"loc":{"start":{"line":428,"column":26},"end":{"line":428,"column":37}}},"8":{"name":"(anonymous_8)","line":441,"loc":{"start":{"line":441,"column":40},"end":{"line":441,"column":56}}},"9":{"name":"(anonymous_9)","line":446,"loc":{"start":{"line":446,"column":25},"end":{"line":446,"column":36}}},"10":{"name":"(anonymous_10)","line":471,"loc":{"start":{"line":471,"column":33},"end":{"line":471,"column":47}}},"11":{"name":"(anonymous_11)","line":480,"loc":{"start":{"line":480,"column":45},"end":{"line":480,"column":70}}},"12":{"name":"(anonymous_12)","line":496,"loc":{"start":{"line":496,"column":38},"end":{"line":496,"column":58}}},"13":{"name":"(anonymous_13)","line":587,"loc":{"start":{"line":587,"column":33},"end":{"line":587,"column":57}}},"14":{"name":"(anonymous_14)","line":603,"loc":{"start":{"line":603,"column":55},"end":{"line":603,"column":74}}},"15":{"name":"(anonymous_15)","line":611,"loc":{"start":{"line":611,"column":32},"end":{"line":611,"column":48}}},"16":{"name":"(anonymous_16)","line":621,"loc":{"start":{"line":621,"column":42},"end":{"line":621,"column":74}}},"17":{"name":"(anonymous_17)","line":632,"loc":{"start":{"line":632,"column":31},"end":{"line":632,"column":42}}},"18":{"name":"(anonymous_18)","line":666,"loc":{"start":{"line":666,"column":46},"end":{"line":666,"column":57}}},"19":{"name":"(anonymous_19)","line":671,"loc":{"start":{"line":671,"column":30},"end":{"line":671,"column":50}}},"20":{"name":"(anonymous_20)","line":685,"loc":{"start":{"line":685,"column":38},"end":{"line":685,"column":52}}},"21":{"name":"(anonymous_21)","line":702,"loc":{"start":{"line":702,"column":41},"end":{"line":702,"column":65}}},"22":{"name":"(anonymous_22)","line":712,"loc":{"start":{"line":712,"column":38},"end":{"line":712,"column":57}}},"23":{"name":"(anonymous_23)","line":715,"loc":{"start":{"line":715,"column":43},"end":{"line":715,"column":63}}},"24":{"name":"(anonymous_24)","line":730,"loc":{"start":{"line":730,"column":31},"end":{"line":730,"column":55}}},"25":{"name":"cleanURL","line":791,"loc":{"start":{"line":791,"column":0},"end":{"line":791,"column":35}}},"26":{"name":"(anonymous_26)","line":817,"loc":{"start":{"line":817,"column":41},"end":{"line":817,"column":71}}},"27":{"name":"(anonymous_27)","line":826,"loc":{"start":{"line":826,"column":13},"end":{"line":826,"column":27}}},"28":{"name":"(anonymous_28)","line":829,"loc":{"start":{"line":829,"column":16},"end":{"line":829,"column":36}}},"29":{"name":"(anonymous_29)","line":853,"loc":{"start":{"line":853,"column":35},"end":{"line":853,"column":51}}},"30":{"name":"(anonymous_30)","line":870,"loc":{"start":{"line":870,"column":38},"end":{"line":870,"column":61}}},"31":{"name":"(anonymous_31)","line":890,"loc":{"start":{"line":890,"column":40},"end":{"line":890,"column":66}}},"32":{"name":"(anonymous_32)","line":909,"loc":{"start":{"line":909,"column":32},"end":{"line":909,"column":47}}},"33":{"name":"domainInWhitelist","line":917,"loc":{"start":{"line":917,"column":4},"end":{"line":917,"column":37}}},"34":{"name":"(anonymous_34)","line":926,"loc":{"start":{"line":926,"column":44},"end":{"line":926,"column":60}}},"35":{"name":"isSubdomainOf","line":941,"loc":{"start":{"line":941,"column":4},"end":{"line":941,"column":44}}},"36":{"name":"(anonymous_36)","line":987,"loc":{"start":{"line":987,"column":37},"end":{"line":987,"column":71}}},"37":{"name":"(anonymous_37)","line":1001,"loc":{"start":{"line":1001,"column":22},"end":{"line":1001,"column":36}}},"38":{"name":"(anonymous_38)","line":1026,"loc":{"start":{"line":1026,"column":29},"end":{"line":1026,"column":60}}},"39":{"name":"(anonymous_39)","line":1057,"loc":{"start":{"line":1057,"column":42},"end":{"line":1057,"column":77}}},"40":{"name":"(anonymous_40)","line":1067,"loc":{"start":{"line":1067,"column":7},"end":{"line":1067,"column":31}}},"41":{"name":"(anonymous_41)","line":1090,"loc":{"start":{"line":1090,"column":44},"end":{"line":1090,"column":60}}},"42":{"name":"(anonymous_42)","line":1134,"loc":{"start":{"line":1134,"column":35},"end":{"line":1134,"column":55}}},"43":{"name":"(anonymous_43)","line":1139,"loc":{"start":{"line":1139,"column":7},"end":{"line":1139,"column":34}}},"44":{"name":"(anonymous_44)","line":1159,"loc":{"start":{"line":1159,"column":59},"end":{"line":1159,"column":78}}},"45":{"name":"(anonymous_45)","line":1170,"loc":{"start":{"line":1170,"column":34},"end":{"line":1170,"column":45}}},"46":{"name":"(anonymous_46)","line":1177,"loc":{"start":{"line":1177,"column":50},"end":{"line":1177,"column":61}}},"47":{"name":"(anonymous_47)","line":1191,"loc":{"start":{"line":1191,"column":15},"end":{"line":1191,"column":42}}},"48":{"name":"(anonymous_48)","line":1207,"loc":{"start":{"line":1207,"column":34},"end":{"line":1207,"column":54}}},"49":{"name":"(anonymous_49)","line":1227,"loc":{"start":{"line":1227,"column":15},"end":{"line":1227,"column":42}}},"50":{"name":"(anonymous_50)","line":1263,"loc":{"start":{"line":1263,"column":33},"end":{"line":1263,"column":69}}},"51":{"name":"(anonymous_51)","line":1289,"loc":{"start":{"line":1289,"column":35},"end":{"line":1289,"column":80}}},"52":{"name":"(anonymous_52)","line":1313,"loc":{"start":{"line":1313,"column":7},"end":{"line":1313,"column":34}}},"53":{"name":"(anonymous_53)","line":1348,"loc":{"start":{"line":1348,"column":15},"end":{"line":1348,"column":42}}},"54":{"name":"(anonymous_54)","line":1364,"loc":{"start":{"line":1364,"column":53},"end":{"line":1364,"column":91}}},"55":{"name":"(anonymous_55)","line":1374,"loc":{"start":{"line":1374,"column":15},"end":{"line":1374,"column":39}}},"56":{"name":"(anonymous_56)","line":1391,"loc":{"start":{"line":1391,"column":23},"end":{"line":1391,"column":50}}},"57":{"name":"(anonymous_57)","line":1409,"loc":{"start":{"line":1409,"column":23},"end":{"line":1409,"column":50}}},"58":{"name":"(anonymous_58)","line":1424,"loc":{"start":{"line":1424,"column":31},"end":{"line":1424,"column":42}}},"59":{"name":"(anonymous_59)","line":1443,"loc":{"start":{"line":1443,"column":54},"end":{"line":1443,"column":76}}},"60":{"name":"(anonymous_60)","line":1470,"loc":{"start":{"line":1470,"column":15},"end":{"line":1470,"column":42}}},"61":{"name":"(anonymous_61)","line":1506,"loc":{"start":{"line":1506,"column":15},"end":{"line":1506,"column":42}}},"62":{"name":"(anonymous_62)","line":1535,"loc":{"start":{"line":1535,"column":15},"end":{"line":1535,"column":42}}},"63":{"name":"emitFetchComplete","line":1555,"loc":{"start":{"line":1555,"column":8},"end":{"line":1555,"column":69}}},"64":{"name":"(anonymous_64)","line":1559,"loc":{"start":{"line":1559,"column":15},"end":{"line":1559,"column":42}}},"65":{"name":"processReceivedData","line":1590,"loc":{"start":{"line":1590,"column":8},"end":{"line":1590,"column":39}}},"66":{"name":"(anonymous_66)","line":1606,"loc":{"start":{"line":1606,"column":15},"end":{"line":1606,"column":43}}},"67":{"name":"(anonymous_67)","line":1625,"loc":{"start":{"line":1625,"column":47},"end":{"line":1625,"column":83}}},"68":{"name":"receiveData","line":1647,"loc":{"start":{"line":1647,"column":8},"end":{"line":1647,"column":36}}},"69":{"name":"(anonymous_69)","line":1702,"loc":{"start":{"line":1702,"column":26},"end":{"line":1702,"column":37}}},"70":{"name":"(anonymous_70)","line":1710,"loc":{"start":{"line":1710,"column":38},"end":{"line":1710,"column":65}}},"71":{"name":"(anonymous_71)","line":1728,"loc":{"start":{"line":1728,"column":51},"end":{"line":1728,"column":96}}},"72":{"name":"(anonymous_72)","line":1751,"loc":{"start":{"line":1751,"column":27},"end":{"line":1751,"column":54}}},"73":{"name":"(anonymous_73)","line":1762,"loc":{"start":{"line":1762,"column":56},"end":{"line":1762,"column":85}}},"74":{"name":"(anonymous_74)","line":1767,"loc":{"start":{"line":1767,"column":40},"end":{"line":1767,"column":62}}},"75":{"name":"(anonymous_75)","line":1793,"loc":{"start":{"line":1793,"column":25},"end":{"line":1793,"column":57}}},"76":{"name":"(anonymous_76)","line":1800,"loc":{"start":{"line":1800,"column":38},"end":{"line":1800,"column":56}}},"77":{"name":"(anonymous_77)","line":1814,"loc":{"start":{"line":1814,"column":25},"end":{"line":1814,"column":36}}},"78":{"name":"(anonymous_78)","line":1818,"loc":{"start":{"line":1818,"column":23},"end":{"line":1818,"column":34}}},"79":{"name":"(anonymous_79)","line":1828,"loc":{"start":{"line":1828,"column":11},"end":{"line":1828,"column":22}}},"80":{"name":"(anonymous_80)","line":1846,"loc":{"start":{"line":1846,"column":41},"end":{"line":1846,"column":60}}},"81":{"name":"(anonymous_81)","line":1860,"loc":{"start":{"line":1860,"column":44},"end":{"line":1860,"column":60}}},"82":{"name":"(anonymous_82)","line":1880,"loc":{"start":{"line":1880,"column":38},"end":{"line":1880,"column":57}}},"83":{"name":"(anonymous_83)","line":1894,"loc":{"start":{"line":1894,"column":41},"end":{"line":1894,"column":57}}}},"statementMap":{"1":{"start":{"line":7,"column":0},"end":{"line":9,"column":45}},"2":{"start":{"line":11,"column":0},"end":{"line":19,"column":47}},"3":{"start":{"line":21,"column":0},"end":{"line":21,"column":33}},"4":{"start":{"line":29,"column":0},"end":{"line":417,"column":2}},"5":{"start":{"line":32,"column":4},"end":{"line":34,"column":5}},"6":{"start":{"line":33,"column":8},"end":{"line":33,"column":39}},"7":{"start":{"line":36,"column":4},"end":{"line":38,"column":5}},"8":{"start":{"line":37,"column":8},"end":{"line":37,"column":158}},"9":{"start":{"line":40,"column":4},"end":{"line":42,"column":5}},"10":{"start":{"line":41,"column":8},"end":{"line":41,"column":90}},"11":{"start":{"line":44,"column":4},"end":{"line":44,"column":28}},"12":{"start":{"line":46,"column":4},"end":{"line":47,"column":48}},"13":{"start":{"line":53,"column":4},"end":{"line":53,"column":33}},"14":{"start":{"line":60,"column":4},"end":{"line":60,"column":37}},"15":{"start":{"line":68,"column":4},"end":{"line":68,"column":24}},"16":{"start":{"line":75,"column":4},"end":{"line":75,"column":28}},"17":{"start":{"line":81,"column":4},"end":{"line":81,"column":26}},"18":{"start":{"line":87,"column":4},"end":{"line":87,"column":29}},"19":{"start":{"line":94,"column":4},"end":{"line":96,"column":48}},"20":{"start":{"line":103,"column":4},"end":{"line":103,"column":34}},"21":{"start":{"line":112,"column":4},"end":{"line":112,"column":33}},"22":{"start":{"line":120,"column":4},"end":{"line":120,"column":42}},"23":{"start":{"line":128,"column":4},"end":{"line":128,"column":36}},"24":{"start":{"line":138,"column":4},"end":{"line":138,"column":33}},"25":{"start":{"line":146,"column":4},"end":{"line":146,"column":31}},"26":{"start":{"line":153,"column":4},"end":{"line":153,"column":32}},"27":{"start":{"line":162,"column":4},"end":{"line":162,"column":32}},"28":{"start":{"line":169,"column":4},"end":{"line":169,"column":32}},"29":{"start":{"line":180,"column":4},"end":{"line":180,"column":22}},"30":{"start":{"line":186,"column":4},"end":{"line":186,"column":26}},"31":{"start":{"line":193,"column":4},"end":{"line":193,"column":37}},"32":{"start":{"line":200,"column":4},"end":{"line":200,"column":26}},"33":{"start":{"line":207,"column":4},"end":{"line":207,"column":26}},"34":{"start":{"line":214,"column":4},"end":{"line":214,"column":26}},"35":{"start":{"line":220,"column":4},"end":{"line":220,"column":27}},"36":{"start":{"line":227,"column":4},"end":{"line":227,"column":25}},"37":{"start":{"line":234,"column":4},"end":{"line":234,"column":25}},"38":{"start":{"line":240,"column":4},"end":{"line":240,"column":30}},"39":{"start":{"line":246,"column":4},"end":{"line":246,"column":35}},"40":{"start":{"line":253,"column":4},"end":{"line":253,"column":28}},"41":{"start":{"line":260,"column":4},"end":{"line":260,"column":30}},"42":{"start":{"line":266,"column":4},"end":{"line":269,"column":6}},"43":{"start":{"line":276,"column":4},"end":{"line":276,"column":44}},"44":{"start":{"line":284,"column":4},"end":{"line":289,"column":6}},"45":{"start":{"line":296,"column":4},"end":{"line":296,"column":36}},"46":{"start":{"line":302,"column":4},"end":{"line":302,"column":33}},"47":{"start":{"line":309,"column":4},"end":{"line":309,"column":34}},"48":{"start":{"line":316,"column":4},"end":{"line":352,"column":6}},"49":{"start":{"line":334,"column":12},"end":{"line":334,"column":68}},"50":{"start":{"line":335,"column":12},"end":{"line":337,"column":20}},"51":{"start":{"line":336,"column":16},"end":{"line":336,"column":53}},"52":{"start":{"line":345,"column":12},"end":{"line":345,"column":142}},"53":{"start":{"line":346,"column":12},"end":{"line":346,"column":65}},"54":{"start":{"line":349,"column":12},"end":{"line":349,"column":141}},"55":{"start":{"line":350,"column":12},"end":{"line":350,"column":65}},"56":{"start":{"line":359,"column":4},"end":{"line":359,"column":34}},"57":{"start":{"line":366,"column":4},"end":{"line":366,"column":32}},"58":{"start":{"line":375,"column":4},"end":{"line":375,"column":22}},"59":{"start":{"line":382,"column":4},"end":{"line":382,"column":34}},"60":{"start":{"line":389,"column":4},"end":{"line":389,"column":38}},"61":{"start":{"line":396,"column":4},"end":{"line":396,"column":40}},"62":{"start":{"line":399,"column":4},"end":{"line":407,"column":6}},"63":{"start":{"line":410,"column":4},"end":{"line":416,"column":7}},"64":{"start":{"line":411,"column":8},"end":{"line":415,"column":11}},"65":{"start":{"line":419,"column":0},"end":{"line":419,"column":37}},"66":{"start":{"line":428,"column":0},"end":{"line":463,"column":2}},"67":{"start":{"line":429,"column":4},"end":{"line":429,"column":23}},"68":{"start":{"line":431,"column":4},"end":{"line":433,"column":5}},"69":{"start":{"line":432,"column":8},"end":{"line":432,"column":23}},"70":{"start":{"line":435,"column":4},"end":{"line":435,"column":27}},"71":{"start":{"line":437,"column":4},"end":{"line":437,"column":59}},"72":{"start":{"line":438,"column":4},"end":{"line":438,"column":35}},"73":{"start":{"line":439,"column":4},"end":{"line":439,"column":47}},"74":{"start":{"line":441,"column":4},"end":{"line":460,"column":7}},"75":{"start":{"line":442,"column":8},"end":{"line":444,"column":9}},"76":{"start":{"line":443,"column":12},"end":{"line":443,"column":24}},"77":{"start":{"line":446,"column":8},"end":{"line":451,"column":11}},"78":{"start":{"line":447,"column":12},"end":{"line":448,"column":34}},"79":{"start":{"line":450,"column":12},"end":{"line":450,"column":28}},"80":{"start":{"line":459,"column":8},"end":{"line":459,"column":35}},"81":{"start":{"line":462,"column":4},"end":{"line":462,"column":19}},"82":{"start":{"line":471,"column":0},"end":{"line":489,"column":2}},"83":{"start":{"line":472,"column":4},"end":{"line":472,"column":23}},"84":{"start":{"line":474,"column":4},"end":{"line":475,"column":24}},"85":{"start":{"line":479,"column":4},"end":{"line":486,"column":5}},"86":{"start":{"line":480,"column":8},"end":{"line":483,"column":22}},"87":{"start":{"line":481,"column":12},"end":{"line":481,"column":76}},"88":{"start":{"line":482,"column":12},"end":{"line":482,"column":59}},"89":{"start":{"line":488,"column":4},"end":{"line":488,"column":50}},"90":{"start":{"line":496,"column":0},"end":{"line":579,"column":2}},"91":{"start":{"line":497,"column":4},"end":{"line":497,"column":23}},"92":{"start":{"line":499,"column":4},"end":{"line":499,"column":88}},"93":{"start":{"line":502,"column":4},"end":{"line":504,"column":37}},"94":{"start":{"line":507,"column":4},"end":{"line":511,"column":5}},"95":{"start":{"line":508,"column":8},"end":{"line":508,"column":44}},"96":{"start":{"line":509,"column":8},"end":{"line":509,"column":40}},"97":{"start":{"line":510,"column":8},"end":{"line":510,"column":36}},"98":{"start":{"line":513,"column":4},"end":{"line":515,"column":67}},"99":{"start":{"line":518,"column":4},"end":{"line":529,"column":6}},"100":{"start":{"line":531,"column":4},"end":{"line":533,"column":5}},"101":{"start":{"line":532,"column":8},"end":{"line":532,"column":68}},"102":{"start":{"line":535,"column":4},"end":{"line":537,"column":5}},"103":{"start":{"line":536,"column":8},"end":{"line":536,"column":60}},"104":{"start":{"line":540,"column":4},"end":{"line":542,"column":5}},"105":{"start":{"line":541,"column":8},"end":{"line":541,"column":35}},"106":{"start":{"line":546,"column":4},"end":{"line":549,"column":5}},"107":{"start":{"line":547,"column":8},"end":{"line":548,"column":72}},"108":{"start":{"line":552,"column":4},"end":{"line":558,"column":5}},"109":{"start":{"line":553,"column":8},"end":{"line":553,"column":61}},"110":{"start":{"line":556,"column":8},"end":{"line":556,"column":62}},"111":{"start":{"line":557,"column":8},"end":{"line":557,"column":52}},"112":{"start":{"line":561,"column":4},"end":{"line":567,"column":5}},"113":{"start":{"line":562,"column":8},"end":{"line":562,"column":68}},"114":{"start":{"line":565,"column":8},"end":{"line":565,"column":72}},"115":{"start":{"line":566,"column":8},"end":{"line":566,"column":66}},"116":{"start":{"line":570,"column":4},"end":{"line":576,"column":5}},"117":{"start":{"line":571,"column":8},"end":{"line":575,"column":9}},"118":{"start":{"line":572,"column":12},"end":{"line":574,"column":13}},"119":{"start":{"line":573,"column":16},"end":{"line":573,"column":79}},"120":{"start":{"line":578,"column":4},"end":{"line":578,"column":26}},"121":{"start":{"line":587,"column":0},"end":{"line":678,"column":2}},"122":{"start":{"line":588,"column":4},"end":{"line":589,"column":17}},"123":{"start":{"line":591,"column":4},"end":{"line":591,"column":32}},"124":{"start":{"line":592,"column":4},"end":{"line":592,"column":68}},"125":{"start":{"line":595,"column":4},"end":{"line":598,"column":5}},"126":{"start":{"line":596,"column":8},"end":{"line":596,"column":42}},"127":{"start":{"line":597,"column":8},"end":{"line":597,"column":33}},"128":{"start":{"line":600,"column":4},"end":{"line":600,"column":92}},"129":{"start":{"line":603,"column":4},"end":{"line":662,"column":7}},"130":{"start":{"line":604,"column":8},"end":{"line":661,"column":9}},"131":{"start":{"line":605,"column":12},"end":{"line":609,"column":43}},"132":{"start":{"line":611,"column":12},"end":{"line":619,"column":15}},"133":{"start":{"line":612,"column":16},"end":{"line":618,"column":17}},"134":{"start":{"line":613,"column":20},"end":{"line":613,"column":88}},"135":{"start":{"line":614,"column":20},"end":{"line":614,"column":59}},"136":{"start":{"line":616,"column":20},"end":{"line":616,"column":39}},"137":{"start":{"line":617,"column":20},"end":{"line":617,"column":79}},"138":{"start":{"line":621,"column":12},"end":{"line":630,"column":14}},"139":{"start":{"line":622,"column":16},"end":{"line":624,"column":17}},"140":{"start":{"line":623,"column":20},"end":{"line":623,"column":90}},"141":{"start":{"line":626,"column":16},"end":{"line":627,"column":85}},"142":{"start":{"line":629,"column":16},"end":{"line":629,"column":71}},"143":{"start":{"line":632,"column":12},"end":{"line":640,"column":15}},"144":{"start":{"line":633,"column":16},"end":{"line":633,"column":75}},"145":{"start":{"line":635,"column":16},"end":{"line":639,"column":17}},"146":{"start":{"line":636,"column":20},"end":{"line":636,"column":72}},"147":{"start":{"line":638,"column":20},"end":{"line":638,"column":71}},"148":{"start":{"line":641,"column":15},"end":{"line":661,"column":9}},"149":{"start":{"line":644,"column":12},"end":{"line":644,"column":31}},"150":{"start":{"line":646,"column":12},"end":{"line":648,"column":29}},"151":{"start":{"line":650,"column":12},"end":{"line":655,"column":13}},"152":{"start":{"line":651,"column":16},"end":{"line":651,"column":70}},"153":{"start":{"line":653,"column":16},"end":{"line":653,"column":132}},"154":{"start":{"line":654,"column":16},"end":{"line":654,"column":46}},"155":{"start":{"line":657,"column":12},"end":{"line":657,"column":31}},"156":{"start":{"line":659,"column":12},"end":{"line":659,"column":116}},"157":{"start":{"line":660,"column":12},"end":{"line":660,"column":42}},"158":{"start":{"line":664,"column":4},"end":{"line":664,"column":24}},"159":{"start":{"line":666,"column":4},"end":{"line":669,"column":7}},"160":{"start":{"line":667,"column":8},"end":{"line":667,"column":30}},"161":{"start":{"line":668,"column":8},"end":{"line":668,"column":60}},"162":{"start":{"line":671,"column":4},"end":{"line":675,"column":7}},"163":{"start":{"line":672,"column":8},"end":{"line":674,"column":9}},"164":{"start":{"line":673,"column":12},"end":{"line":673,"column":32}},"165":{"start":{"line":677,"column":4},"end":{"line":677,"column":19}},"166":{"start":{"line":685,"column":0},"end":{"line":705,"column":2}},"167":{"start":{"line":686,"column":4},"end":{"line":687,"column":23}},"168":{"start":{"line":689,"column":4},"end":{"line":700,"column":5}},"169":{"start":{"line":690,"column":8},"end":{"line":690,"column":39}},"170":{"start":{"line":693,"column":8},"end":{"line":695,"column":9}},"171":{"start":{"line":694,"column
[...]
tart":{"line":128,"column":12},"end":{"line":128,"column":24}},"60":{"start":{"line":133,"column":4},"end":{"line":135,"column":7}},"61":{"start":{"line":134,"column":8},"end":{"line":134,"column":41}},"62":{"start":{"line":138,"column":0},"end":{"line":140,"column":2}},"63":{"start":{"line":139,"column":4},"end":{"line":139,"column":90}},"64":{"start":{"line":142,"column":0},"end":{"line":205,"column":2}},"65":{"start":{"line":143,"column":4},"end":{"line":143,"column":71}},"66":{"start":{"line":145,"column":4},"end":{"line":145,"column":23}},"67":{"start":{"line":146,"column":4},"end":{"line":146,"column":79}},"68":{"start":{"line":147,"column":4},"end":{"line":147,"column":92}},"69":{"start":{"line":149,"column":4},"end":{"line":149,"column":32}},"70":{"start":{"line":150,"column":4},"end":{"line":150,"column":33}},"71":{"start":{"line":151,"column":4},"end":{"line":156,"column":5}},"72":{"start":{"line":152,"column":8},"end":{"line":152,"column":85}},"73":{"start":{"line":153,"column":8},"end":{"line":153,"column":55}},"74":{"start":{"line":155,"column":8},"end":{"line":155,"column":31}},"75":{"start":{"line":158,"column":4},"end":{"line":185,"column":6}},"76":{"start":{"line":159,"column":8},"end":{"line":184,"column":11}},"77":{"start":{"line":160,"column":12},"end":{"line":162,"column":13}},"78":{"start":{"line":161,"column":16},"end":{"line":161,"column":28}},"79":{"start":{"line":163,"column":12},"end":{"line":183,"column":15}},"80":{"start":{"line":164,"column":16},"end":{"line":166,"column":17}},"81":{"start":{"line":165,"column":20},"end":{"line":165,"column":32}},"82":{"start":{"line":168,"column":16},"end":{"line":174,"column":18}},"83":{"start":{"line":176,"column":16},"end":{"line":180,"column":17}},"84":{"start":{"line":177,"column":20},"end":{"line":177,"column":68}},"85":{"start":{"line":179,"column":20},"end":{"line":179,"column":52}},"86":{"start":{"line":182,"column":16},"end":{"line":182,"column":38}},"87":{"start":{"line":187,"column":4},"end":{"line":204,"column":7}},"88":{"start":{"line":188,"column":8},"end":{"line":188,"column":85}},"89":{"start":{"line":189,"column":8},"end":{"line":203,"column":9}},"90":{"start":{"line":190,"column":12},"end":{"line":197,"column":13}},"91":{"start":{"line":191,"column":16},"end":{"line":196,"column":17}},"92":{"start":{"line":193,"column":20},"end":{"line":193,"column":53}},"93":{"start":{"line":195,"column":20},"end":{"line":195,"column":120}},"94":{"start":{"line":198,"column":15},"end":{"line":203,"column":9}},"95":{"start":{"line":200,"column":12},"end":{"line":200,"column":45}},"96":{"start":{"line":202,"column":12},"end":{"line":202,"column":38}},"97":{"start":{"line":207,"column":0},"end":{"line":246,"column":2}},"98":{"start":{"line":208,"column":4},"end":{"line":210,"column":7}},"99":{"start":{"line":209,"column":8},"end":{"line":209,"column":44}},"100":{"start":{"line":212,"column":4},"end":{"line":243,"column":5}},"101":{"start":{"line":213,"column":8},"end":{"line":213,"column":48}},"102":{"start":{"line":215,"column":8},"end":{"line":239,"column":11}},"103":{"start":{"line":220,"column":16},"end":{"line":227,"column":19}},"104":{"start":{"line":221,"column":20},"end":{"line":224,"column":21}},"105":{"start":{"line":222,"column":24},"end":{"line":222,"column":40}},"106":{"start":{"line":223,"column":24},"end":{"line":223,"column":37}},"107":{"start":{"line":226,"column":20},"end":{"line":226,"column":41}},"108":{"start":{"line":230,"column":16},"end":{"line":237,"column":19}},"109":{"start":{"line":231,"column":20},"end":{"line":234,"column":21}},"110":{"start":{"line":232,"column":24},"end":{"line":232,"column":40}},"111":{"start":{"line":233,"column":24},"end":{"line":233,"column":37}},"112":{"start":{"line":236,"column":20},"end":{"line":236,"column":70}},"113":{"start":{"line":242,"column":8},"end":{"line":242,"column":23}},"114":{"start":{"line":245,"column":4},"end":{"line":245,"column":17}}},"branchMap":{"1":{"line":26,"type":"cond-expr","locations":[{"start":{"line":26,"column":84},"end":{"line":26,"column":97}},{"start":{"line":26,"column":100},"end":{"line":26,"column":125}}]},"2":{"line":26,"type":"binary-expr","locations":[{"start":{"line":26,"column":20},"end":{"line":26,"column":53}},{"start":{"line":26,"column":57},"end":{"line":26,"column":81}}]},"3":{"line":27,"type":"cond-expr","locations":[{"start":{"line":27,"column":77},"end":{"line":27,"column":90}},{"start":{"line":27,"column":93},"end":{"line":27,"column":112}}]},"4":{"line":42,"type":"cond-expr","locations":[{"start":{"line":42,"column":38},"end":{"line":42,"column":64}},{"start":{"line":42,"column":67},"end":{"line":42,"column":79}}]},"5":{"line":45,"type":"if","locations":[{"start":{"line":45,"column":4},"end":{"line":45,"column":4}},{"start":{"line":45,"column":4},"end":{"line":45,"column":4}}]},"6":{"line":54,"type":"if","locations":[{"start":{"line":54,"column":8},"end":{"line":54,"column":8}},{"start":{"line":54,"column":8},"end":{"line":54,"column":8}}]},"7":{"line":68,"type":"if","locations":[{"start":{"line":68,"column":4},"end":{"line":68,"column":4}},{"start":{"line":68,"column":4},"end":{"line":68,"column":4}}]},"8":{"line":68,"type":"binary-expr","locations":[{"start":{"line":68,"column":8},"end":{"line":68,"column":49}},{"start":{"line":68,"column":53},"end":{"line":68,"column":76}},{"start":{"line":68,"column":80},"end":{"line":68,"column":124}},{"start":{"line":68,"column":128},"end":{"line":68,"column":163}}]},"9":{"line":72,"type":"if","locations":[{"start":{"line":72,"column":8},"end":{"line":72,"column":8}},{"start":{"line":72,"column":8},"end":{"line":72,"column":8}}]},"10":{"line":72,"type":"binary-expr","locations":[{"start":{"line":72,"column":12},"end":{"line":72,"column":35}},{"start":{"line":72,"column":39},"end":{"line":72,"column":83}}]},"11":{"line":73,"type":"if","locations":[{"start":{"line":73,"column":12},"end":{"line":73,"column":12}},{"start":{"line":73,"column":12},"end":{"line":73,"column":12}}]},"12":{"line":79,"type":"if","locations":[{"start":{"line":79,"column":15},"end":{"line":79,"column":15}},{"start":{"line":79,"column":15},"end":{"line":79,"column":15}}]},"13":{"line":79,"type":"binary-expr","locations":[{"start":{"line":79,"column":19},"end":{"line":79,"column":42}},{"start":{"line":79,"column":47},"end":{"line":79,"column":137}}]},"14":{"line":99,"type":"if","locations":[{"start":{"line":99,"column":8},"end":{"line":99,"column":8}},{"start":{"line":99,"column":8},"end":{"line":99,"column":8}}]},"15":{"line":112,"type":"if","locations":[{"start":{"line":112,"column":4},"end":{"line":112,"column":4}},{"start":{"line":112,"column":4},"end":{"line":112,"column":4}}]},"16":{"line":112,"type":"binary-expr","locations":[{"start":{"line":112,"column":8},"end":{"line":112,"column":45}},{"start":{"line":112,"column":49},"end":{"line":112,"column":86}}]},"17":{"line":118,"type":"if","locations":[{"start":{"line":118,"column":8},"end":{"line":118,"column":8}},{"start":{"line":118,"column":8},"end":{"line":118,"column":8}}]},"18":{"line":118,"type":"binary-expr","locations":[{"start":{"line":118,"column":13},"end":{"line":118,"column":77}},{"start":{"line":118,"column":82},"end":{"line":118,"column":97}}]},"19":{"line":123,"type":"if","locations":[{"start":{"line":123,"column":8},"end":{"line":123,"column":8}},{"start":{"line":123,"column":8},"end":{"line":123,"column":8}}]},"20":{"line":143,"type":"cond-expr","locations":[{"start":{"line":143,"column":46},"end":{"line":143,"column":54}},{"start":{"line":143,"column":57},"end":{"line":143,"column":70}}]},"21":{"line":151,"type":"if","locations":[{"start":{"line":151,"column":4},"end":{"line":151,"column":4}},{"start":{"line":151,"column":4},"end":{"line":151,"column":4}}]},"22":{"line":152,"type":"cond-expr","locations":[{"start":{"line":152,"column":58},"end":{"line":152,"column":76}},{"start":{"line":152,"column":79},"end":{"line":152,"column":84}}]},"23":{"line":153,"type":"binary-expr","locations":[{"start":{"line":153,"column":15},"end":{"line":153,"column":19}},{"start":{"line":153,"column":23},"end":{"line":153,"column":54}}]},"24":{"line":160,"type":"if","locations":[{"start":{"line":160,"column":12},"end":{"line":160,"column":12}},{"start":{"line":160,"column":12},"end":{"line":160,"column":12}}]},"25":{"line":164,"type":"if","locations":[{"start":{"line":164,"column":16},"end":{"line":164,"column":16}},{"start":{"line":164,"column":16},"end":{"line":164,"column":16}}]},"26":{"line":176,"type":"if","locations":[{"start":{"line":176,"column":16},"end":{"line":176,"column":16}},{"start":{"line":176,"column":16},"end":{"line":176,"column":16}}]},"27":{"line":189,"type":"if","locations":[{"start":{"line":189,"column":8},"end":{"line":189,"column":8}},{"start":{"line":189,"column":8},"end":{"line":189,"column":8}}]},"28":{"line":190,"type":"if","locations":[{"start":{"line":190,"column":12},"end":{"line":190,"column":12}},{"start":{"line":190,"column":12},"end":{"line":190,"column":12}}]},"29":{"line":191,"type":"if","locations":[{"start":{"line":191,"column":16},"end":{"line":191,"column":16}},{"start":{"line":191,"column":16},"end":{"line":191,"column":16}}]},"30":{"line":198,"type":"if","locations":[{"start":{"line":198,"column":15},"end":{"line":198,"column":15}},{"start":{"line":198,"column":15},"end":{"line":198,"column":15}}]},"31":{"line":212,"type":"if","locations":[{"start":{"line":212,"column":4},"end":{"line":212,"column":4}},{"start":{"line":212,"column":4},"end":{"line":212,"column":4}}]},"32":{"line":221,"type":"if","locations":[{"start":{"line":221,"column":20},"end":{"line":221,"column":20}},{"start":{"line":221,"column":20},"end":{"line":221,"column":20}}]},"33":{"line":231,"type":"if","locations":[{"start":{"line":231,"column":20},"end":{"line":231,"column":20}},{"start":{"line":231,"column":20},"end":{"line":231,"column":20}}]}},"code":["/*"," * Simplecrawler - FS cache backend"," * https://github.com/cgiffard/node-simplecrawler"," *"," * Copyright (c) 2011-2015, Christopher Giffard"," *"," */","","// Tries to ensure a local 'cache' of a website is as close as possible to a mirror of the website itself.","// The idea is that it is then possible to re-serve the website just using the cache.","","var fs = require(\"fs\"),","    crypto = require(\"crypto\");","","// Factory for FSBackend","var backend = function backend(loadParameter) {","    return new FSBackend(loadParameter);","};","","module.exports = backend;","","// Constructor for filesystem cache backend","var FSBackend = function FSBackend(loadParameter) {","    this.loaded = false;","    this.index = [];","    this.location = typeof loadParameter === \"string\" && loadParameter.length > 0 ? loadParameter : process.cwd() + \"/cache/\";","    this.location = this.location.substr(this.location.length - 1) === \"/\" ? this.location : this.location + \"/\";","};","","// Function for sanitising paths","// We try to get the most understandable, file-system friendly paths we can.","// An extension is added if not present or inappropriate - if a better one can be determined.","// Querystrings are hashed to truncate without (hopefully) collision.","","function sanitisePath(path, queueObject) {","    // Remove first slash (as we set one later.)","    path = path.replace(/^\\//, \"\");","","    var pathStack = [];","","    // Trim whitespace. If no path is present - assume index.html.","    var sanitisedPath = path.length ? path.replace(/\\s*$/ig, \"\") : \"index.html\";","    var headers = queueObject.stateData.headers, sanitisedPathParts;","","    if (sanitisedPath.match(/\\?/)) {","        sanitisedPathParts = sanitisedPath.split(/\\?/g);","        var resource = sanitisedPathParts.shift();","        var hashedQS = crypto.createHash(\"sha1\").update(sanitisedPathParts.join(\"?\")).digest(\"hex\");","        sanitisedPath = resource + \"?\" + hashedQS;","    }","","    pathStack = sanitisedPath.split(/\\//g);","    pathStack = pathStack.map(function(pathChunk) {","        if (pathChunk.length >= 250) {","            return crypto.createHash(\"sha1\").update(pathChunk).digest(\"hex\");","        }","","        return pathChunk;","    });","","    sanitisedPath = pathStack.join(\"/\");","","    // Try to get a file extension for the file - for ease of identification","    // We run through this if we either:","    //  1) haven't got a file extension at all, or:","    //  2) have an HTML file without an HTML file extension (might be .php, .aspx, .do, or some other server-processed type)","","    if (!sanitisedPath.match(/\\.[a-z0-9]{1,6}$/i) || headers[\"content-type\"] && headers[\"content-type\"].match(/text\\/html/i) && !sanitisedPath.match(/\\.htm[l]?$/i)) {","        var subMimeType = \"\";","        var mimeParts = [];","","        if (headers[\"content-type\"] && headers[\"content-type\"].match(/text\\/html/i)) {","            if (sanitisedPath.match(/\\/$/)) {","                sanitisedPath += \"index.html\";","            } else {","                sanitisedPath += \".html\";","            }","","        } else if (headers[\"content-type\"] && (mimeParts = headers[\"content-type\"].match(/(image|video|audio|application)\\/([a-z0-9]+)/i))) {","            subMimeType = mimeParts[2];","            sanitisedPath += \".\" + subMimeType;","        }","    }","","    return sanitisedPath;","}","","FSBackend.prototype.fileExists = function(location) {","    try {","        fs.statSync(location);","        return true;","    } catch (er) {","        return false;","    }","};","","FSBackend.prototype.isDirectory = function(location) {","    try {","        if (fs.statSync(location).isDirectory()) {","            return true;","        }","","        return false;","    } catch (er) {","        return false;","    }","};","","FSBackend.prototype.load = function() {","    var backend = this;","","    if (!backend.fileExists(backend.location) && backend.isDirectory(backend.location)) {","        throw new Error(\"Unable to verify cache location exists.\");","    }","","    try {","        var fileData;","        if ((fileData = fs.readFileSync(backend.location + \"cacheindex.json\")) && fileData.length) {","            backend.index = JSON.parse(fileData.toString(\"utf8\"));","            backend.loaded = true;","        }","    } catch (error) {","        if (error.code === \"ENOENT\") {","            // Cache index doesn't exist. Assume this is a new cache.","            // Just leave the memory index empty for now.","            backend.loaded = true;","        } else {","            throw error;","        }","    }","","    // Flush store to disk when closing.","    process.on(\"exit\", function() {","        backend.saveCache.apply(backend);","    });","};","","FSBackend.prototype.saveCache = function(callback) {","    fs.writeFile(this.location + \"cacheindex.json\", JSON.stringify(this.index), callback);","};","","FSBackend.prototype.setItem = function(queueObject, data, callback) {","    callback = callback instanceof Function ? callback : function() {};","","    var backend = this;","    var pathStack = [queueObject.protocol, queueObject.host, queueObject.port];","    pathStack = pathStack.concat(sanitisePath(queueObject.path, queueObject).split(/\\/+/g));","","    var cacheItemExists = false;","    var firstInstanceIndex = NaN;","    if (backend.index.reduce(function(prev, current, index) {","        firstInstanceIndex = !isNaN(firstInstanceIndex) ? firstInstanceIndex : index;","        return prev || current.url === queueObject.url;","    }, false)) {","        cacheItemExists = true;","    }","","    var writeFileData = function(currentPath, data) {","        fs.writeFile(currentPath, data, function(error) {","            if (error) {","                throw error;","            }","            fs.writeFile(currentPath + \".cacheData.json\", JSON.stringify(queueObject), function(error) {","                if (error) {","                    throw error;","                }","","                var cacheObject = {","                    url: queueObject.url,","                    etag: queueObject.stateData.headers.etag,","                    lastModified: queueObject.stateData.headers[\"last-modified\"],","                    dataFile: currentPath,","                    metaFile: currentPath + \".cacheData.json\"","                };","","                if (cacheItemExists) {","                    backend.index[firstInstanceIndex] = cacheObject;","                } else {","                    backend.index.push(cacheObject);","                }","","                callback(cacheObject);","            });","        });","    };","","    pathStack.forEach(function(pathChunk, count) {","        var currentPath = backend.location + pathStack.slice(0, count + 1).join(\"/\");","        if (backend.fileExists(backend.location + pathStack.slice(0, count + 1).join(\"/\"))) {","            if (!backend.isDirectory(currentPath)) {","                if (count === pathStack.length - 1) {","                    // Just overwrite the file...","                    writeFileData(currentPath, data);","                } else {","                    throw new Error(\"Cache storage of resource (%s) blocked by file: %s\", queueObject.url, currentPath);","                }","            }","        } else if (count === pathStack.length - 1) {","            // Write the file data in","            writeFileData(currentPath, data);","        } else {","            fs.mkdirSync(currentPath);","        }","    });","};","","FSBackend.prototype.getItem = function(queueObject, callback) {","    var cacheItemResult = this.index.filter(function(item) {","        return item.url === queueObject.url;","    });","","    if (cacheItemResult.length) {","        var cacheItem = cacheItemResult.shift();","","        callback({","            url: cacheItem.url,","            etag: cacheItem.etag,","            lastModified: cacheItem.lastModified,","            getData: function(callback) {","                fs.readFile(cacheItem.dataFile, function(error, data) {","                    if (error) {","                        callback(error);","                        return false;","                    }","","                    callback(null, data);","                });","            },","            getMetadata: function(callback) {","                fs.readFile(cacheItem.metaFile, function(error, data) {","                    if (error) {","                        callback(error);","                        return false;","                    }","","                    callback(null, JSON.parse(data.toString(\"utf8\")));","                });","            }","        });","","    } else {","        callback(null);","    }","","    return false;","};",""],"l":{"12":1,"16":1,"17":0,"20":1,"23":1,"24":0,"25":0,"26":0,"27":0,"35":1,"37":0,"39":0,"42":0,"43":0,"45":0,"46":0,"47":0,"48":0,"49":0,"52":0,"53":0,"54":0,"55":0,"58":0,"61":0,"68":0,"69":0,"70":0,"72":0,"73":0,"74":0,"76":0,"79":0,"80":0,"81":0,"85":0,"88":1,"89":0,"90":0,"91":0,"93":0,"97":1,"98":0,"99":0,"100":0,"103":0,"105":0,"109":1,"110":0,"112":0,"113":0,"116":0,"117":0,"118":0,"119":0,"120":0,"123":0,"126":0,"128":0,"133":0,"134":0,"138":1,"139":0,"142":1,"143":0,"145":0,"146":0,"147":0,"149":0,"150":0,"151":0,"152":0,"153":0,"155":0,"158":0,"159":0,"160":0,"161":0,"163":0,"164":0,"165":0,"168":0,"176":0,"177":0,"179":0,"182":0,"187":0,"188":0,"189":0,"190":0,"191":0,"193":0,"195":0,"198":0,"200":0,"202":0,"207":1,"208":0,"209":0,"212":0,"213":0,"215":0,"220":0,"221":0,"222":0,"223":0,"226":0,"230":0,"231":0,"232":0,"233":0,"236":0,"242":0,"245":0}},"/home/travis/build/npmtest/node-npmtest-simplecrawler/node_modules/simplecrawler/lib/cli.js":{"path":"/home/travis/build/npmtest/node-npmtest-simplecrawler/node_modules/simplecrawler/lib/cli.js","s":{},"b":{},"f":{},"fnMap":{},"statementMap":{},"branchMap":{},"code":["// CLI module for crawling.","// Not yet built.",""],"l":{}}}